# JRE version: OpenJDK Runtime Environment Temurin-17.0.17+10 (17.0.17+10) (build 17.0.17+10)
# Java VM: OpenJDK 64-Bit Server VM Temurin-17.0.17+10 (17.0.17+10, mixed mode, sharing, tiered, compressed oops, compressed class ptrs, g1 gc, windows-amd64)
GC Precious Log:
 CPUs: 8 total, 8 available
 Memory: 7901M
 Large Page Support: Disabled
 NUMA Support: Disabled
 Compressed Oops: Enabled (32-bit)
 Heap Region Size: 1M
 Heap Min Capacity: 8M
 Heap Initial Capacity: 124M
 Heap Max Capacity: 1976M
 Pre-touch: Disabled
 Parallel Workers: 8
 Concurrent Workers: 2
 Concurrent Refinement Workers: 8
 Periodic GC: Disabled
Heap:
 garbage-first heap   total 182272K, used 103381K [0x0000000084800000, 0x0000000100000000)
  region size 1024K, 51 young (52224K), 4 survivors (4096K)
 Metaspace       used 40018K, committed 40448K, reserved 1114112K
  class space    used 4557K, committed 4800K, reserved 1048576K
GC Heap History (20 events):
Event: 7.228 GC heap before
{Heap before GC invocations=12 (full 0):
 garbage-first heap   total 75776K, used 50137K [0x0000000084800000, 0x0000000100000000)
  region size 1024K, 12 young (12288K), 2 survivors (2048K)
 Metaspace       used 34455K, committed 34752K, reserved 1114112K
  class space    used 4042K, committed 4160K, reserved 1048576K
}
Event: 7.236 GC heap after
{Heap after GC invocations=13 (full 0):
 garbage-first heap   total 75776K, used 43582K [0x0000000084800000, 0x0000000100000000)
  region size 1024K, 2 young (2048K), 2 survivors (2048K)
 Metaspace       used 34455K, committed 34752K, reserved 1114112K
  class space    used 4042K, committed 4160K, reserved 1048576K
}
Event: 7.759 GC heap before
{Heap before GC invocations=13 (full 0):
 garbage-first heap   total 75776K, used 56894K [0x0000000084800000, 0x0000000100000000)
  region size 1024K, 15 young (15360K), 2 survivors (2048K)
 Metaspace       used 35258K, committed 35584K, reserved 1114112K
  class space    used 4100K, committed 4224K, reserved 1048576K
}
Event: 7.775 GC heap after
{Heap after GC invocations=14 (full 0):
 garbage-first heap   total 75776K, used 45675K [0x0000000084800000, 0x0000000100000000)
  region size 1024K, 2 young (2048K), 2 survivors (2048K)
 Metaspace       used 35258K, committed 35584K, reserved 1114112K
  class space    used 4100K, committed 4224K, reserved 1048576K
}
Event: 8.340 GC heap before
{Heap before GC invocations=15 (full 0):
 garbage-first heap   total 75776K, used 55915K [0x0000000084800000, 0x0000000100000000)
  region size 1024K, 15 young (15360K), 2 survivors (2048K)
 Metaspace       used 35893K, committed 36224K, reserved 1114112K
  class space    used 4177K, committed 4288K, reserved 1048576K
}
Event: 8.346 GC heap after
{Heap after GC invocations=16 (full 0):
 garbage-first heap   total 75776K, used 44119K [0x0000000084800000, 0x0000000100000000)
  region size 1024K, 1 young (1024K), 1 survivors (1024K)
 Metaspace       used 35893K, committed 36224K, reserved 1114112K
  class space    used 4177K, committed 4288K, reserved 1048576K
}
Event: 8.374 GC heap before
{Heap before GC invocations=16 (full 0):
 garbage-first heap   total 75776K, used 45143K [0x0000000084800000, 0x0000000100000000)
  region size 1024K, 3 young (3072K), 1 survivors (1024K)
 Metaspace       used 36034K, committed 36416K, reserved 1114112K
  class space    used 4187K, committed 4352K, reserved 1048576K
}
Event: 8.379 GC heap after
{Heap after GC invocations=17 (full 0):
 garbage-first heap   total 107520K, used 43333K [0x0000000084800000, 0x0000000100000000)
  region size 1024K, 1 young (1024K), 1 survivors (1024K)
 Metaspace       used 36034K, committed 36416K, reserved 1114112K
  class space    used 4187K, committed 4352K, reserved 1048576K
}
Event: 9.573 GC heap before
{Heap before GC invocations=17 (full 0):
 garbage-first heap   total 107520K, used 79173K [0x0000000084800000, 0x0000000100000000)
  region size 1024K, 36 young (36864K), 1 survivors (1024K)
 Metaspace       used 37207K, committed 37696K, reserved 1114112K
  class space    used 4307K, committed 4544K, reserved 1048576K
}
Event: 9.583 GC heap after
{Heap after GC invocations=18 (full 0):
 garbage-first heap   total 107520K, used 44554K [0x0000000084800000, 0x0000000100000000)
  region size 1024K, 2 young (2048K), 2 survivors (2048K)
 Metaspace       used 37207K, committed 37696K, reserved 1114112K
  class space    used 4307K, committed 4544K, reserved 1048576K
}
Event: 10.069 GC heap before
{Heap before GC invocations=18 (full 0):
 garbage-first heap   total 107520K, used 81418K [0x0000000084800000, 0x0000000100000000)
  region size 1024K, 38 young (38912K), 2 survivors (2048K)
 Metaspace       used 37441K, committed 37888K, reserved 1114112K
  class space    used 4318K, committed 4544K, reserved 1048576K
}
Event: 10.083 GC heap after
{Heap after GC invocations=19 (full 0):
 garbage-first heap   total 107520K, used 46430K [0x0000000084800000, 0x0000000100000000)
  region size 1024K, 4 young (4096K), 4 survivors (4096K)
 Metaspace       used 37441K, committed 37888K, reserved 1114112K
  class space    used 4318K, committed 4544K, reserved 1048576K
}
Event: 10.514 GC heap before
{Heap before GC invocations=19 (full 0):
 garbage-first heap   total 107520K, used 83294K [0x0000000084800000, 0x0000000100000000)
  region size 1024K, 40 young (40960K), 4 survivors (4096K)
 Metaspace       used 37509K, committed 37952K, reserved 1114112K
  class space    used 4323K, committed 4544K, reserved 1048576K
}
Event: 10.529 GC heap after
{Heap after GC invocations=20 (full 0):
 garbage-first heap   total 107520K, used 47758K [0x0000000084800000, 0x0000000100000000)
  region size 1024K, 4 young (4096K), 4 survivors (4096K)
 Metaspace       used 37509K, committed 37952K, reserved 1114112K
  class space    used 4323K, committed 4544K, reserved 1048576K
}
Event: 10.848 GC heap before
{Heap before GC invocations=20 (full 0):
 garbage-first heap   total 107520K, used 84622K [0x0000000084800000, 0x0000000100000000)
  region size 1024K, 40 young (40960K), 4 survivors (4096K)
 Metaspace       used 37568K, committed 38016K, reserved 1114112K
  class space    used 4326K, committed 4544K, reserved 1048576K
}
Event: 10.862 GC heap after
{Heap after GC invocations=21 (full 0):
 garbage-first heap   total 107520K, used 48905K [0x0000000084800000, 0x0000000100000000)
  region size 1024K, 3 young (3072K), 3 survivors (3072K)
 Metaspace       used 37568K, committed 38016K, reserved 1114112K
  class space    used 4326K, committed 4544K, reserved 1048576K
}
Event: 11.215 GC heap before
{Heap before GC invocations=21 (full 0):
 garbage-first heap   total 107520K, used 86793K [0x0000000084800000, 0x0000000100000000)
  region size 1024K, 40 young (40960K), 3 survivors (3072K)
 Metaspace       used 37628K, committed 38080K, reserved 1114112K
  class space    used 4326K, committed 4544K, reserved 1048576K
}
Event: 11.228 GC heap after
{Heap after GC invocations=22 (full 0):
 garbage-first heap   total 182272K, used 49217K [0x0000000084800000, 0x0000000100000000)
  region size 1024K, 2 young (2048K), 2 survivors (2048K)
 Metaspace       used 37628K, committed 38080K, reserved 1114112K
  class space    used 4326K, committed 4544K, reserved 1048576K
}
Event: 14.138 GC heap before
{Heap before GC invocations=22 (full 0):
 garbage-first heap   total 182272K, used 144449K [0x0000000084800000, 0x0000000100000000)
  region size 1024K, 95 young (97280K), 2 survivors (2048K)
 Metaspace       used 39696K, committed 40064K, reserved 1114112K
  class space    used 4548K, committed 4736K, reserved 1048576K
}
Event: 14.152 GC heap after
{Heap after GC invocations=23 (full 0):
 garbage-first heap   total 182272K, used 51157K [0x0000000084800000, 0x0000000100000000)
  region size 1024K, 4 young (4096K), 4 survivors (4096K)
 Metaspace       used 39696K, committed 40064K, reserved 1114112K
  class space    used 4548K, committed 4736K, reserved 1048576K
}

