# JRE version: OpenJDK Runtime Environment Temurin-21.0.9+10 (21.0.9+10) (build 21.0.9+10-LTS)
# Java VM: OpenJDK 64-Bit Server VM Temurin-21.0.9+10 (21.0.9+10-LTS, mixed mode, sharing, tiered, compressed oops, compressed class ptrs, parallel gc, windows-amd64)
GC Precious Log:
 CardTable entry size: 512
 CPUs: 8 total, 8 available
 Memory: 7901M
 Large Page Support: Disabled
 NUMA Support: Disabled
 Compressed Oops: Enabled (32-bit)
 Alignments: Space 512K, Generation 512K, Heap 2M
 Heap Min Capacity: 100M
 Heap Initial Capacity: 100M
 Heap Max Capacity: 2G
 Pre-touch: Disabled
 Parallel Workers: 8
Heap:
 PSYoungGen      total 10752K, used 9917K [0x00000000d5580000, 0x00000000d6380000, 0x0000000100000000)
  eden space 8704K, 100% used [0x00000000d5580000,0x00000000d5e00000,0x00000000d5e00000)
  from space 2048K, 59% used [0x00000000d5f80000,0x00000000d60af680,0x00000000d6180000)
  to   space 1536K, 55% used [0x00000000d6200000,0x00000000d62d6920,0x00000000d6380000)
 ParOldGen       total 92160K, used 91967K [0x0000000080000000, 0x0000000085a00000, 0x00000000d5580000)
  object space 92160K, 99% used [0x0000000080000000,0x00000000859cfef0,0x0000000085a00000)
 Metaspace       used 68006K, committed 69632K, reserved 1114112K
  class space    used 7024K, committed 7744K, reserved 1048576K
GC Heap History (20 events):
Event: 16.106 GC heap before
{Heap before GC invocations=75 (full 3):
 PSYoungGen      total 15360K, used 14784K [0x00000000d5580000, 0x00000000d6580000, 0x0000000100000000)
  eden space 14336K, 100% used [0x00000000d5580000,0x00000000d6380000,0x00000000d6380000)
  from space 1024K, 43% used [0x00000000d6380000,0x00000000d63f0000,0x00000000d6480000)
  to   space 512K, 0% used [0x00000000d6500000,0x00000000d6500000,0x00000000d6580000)
 ParOldGen       total 80896K, used 80485K [0x0000000080000000, 0x0000000084f00000, 0x00000000d5580000)
  object space 80896K, 99% used [0x0000000080000000,0x0000000084e995d8,0x0000000084f00000)
 Metaspace       used 65844K, committed 67392K, reserved 1114112K
  class space    used 6841K, committed 7488K, reserved 1048576K
}
Event: 16.108 GC heap after
{Heap after GC invocations=75 (full 3):
 PSYoungGen      total 14848K, used 508K [0x00000000d5580000, 0x00000000d6580000, 0x0000000100000000)
  eden space 14336K, 0% used [0x00000000d5580000,0x00000000d5580000,0x00000000d6380000)
  from space 512K, 99% used [0x00000000d6500000,0x00000000d657f370,0x00000000d6580000)
  to   space 1024K, 0% used [0x00000000d6380000,0x00000000d6380000,0x00000000d6480000)
 ParOldGen       total 80896K, used 80669K [0x0000000080000000, 0x0000000084f00000, 0x00000000d5580000)
  object space 80896K, 99% used [0x0000000080000000,0x0000000084ec77f0,0x0000000084f00000)
 Metaspace       used 65844K, committed 67392K, reserved 1114112K
  class space    used 6841K, committed 7488K, reserved 1048576K
}
Event: 16.226 GC heap before
{Heap before GC invocations=76 (full 3):
 PSYoungGen      total 14848K, used 14844K [0x00000000d5580000, 0x00000000d6580000, 0x0000000100000000)
  eden space 14336K, 100% used [0x00000000d5580000,0x00000000d6380000,0x00000000d6380000)
  from space 512K, 99% used [0x00000000d6500000,0x00000000d657f370,0x00000000d6580000)
  to   space 1024K, 0% used [0x00000000d6380000,0x00000000d6380000,0x00000000d6480000)
 ParOldGen       total 80896K, used 80669K [0x0000000080000000, 0x0000000084f00000, 0x00000000d5580000)
  object space 80896K, 99% used [0x0000000080000000,0x0000000084ec77f0,0x0000000084f00000)
 Metaspace       used 65886K, committed 67392K, reserved 1114112K
  class space    used 6843K, committed 7488K, reserved 1048576K
}
Event: 16.229 GC heap after
{Heap after GC invocations=76 (full 3):
 PSYoungGen      total 15360K, used 576K [0x00000000d5580000, 0x00000000d6580000, 0x0000000100000000)
  eden space 14336K, 0% used [0x00000000d5580000,0x00000000d5580000,0x00000000d6380000)
  from space 1024K, 56% used [0x00000000d6380000,0x00000000d6410040,0x00000000d6480000)
  to   space 1024K, 0% used [0x00000000d6480000,0x00000000d6480000,0x00000000d6580000)
 ParOldGen       total 81408K, used 80898K [0x0000000080000000, 0x0000000084f80000, 0x00000000d5580000)
  object space 81408K, 99% used [0x0000000080000000,0x0000000084f00b60,0x0000000084f80000)
 Metaspace       used 65886K, committed 67392K, reserved 1114112K
  class space    used 6843K, committed 7488K, reserved 1048576K
}
Event: 16.356 GC heap before
{Heap before GC invocations=77 (full 3):
 PSYoungGen      total 15360K, used 14912K [0x00000000d5580000, 0x00000000d6580000, 0x0000000100000000)
  eden space 14336K, 100% used [0x00000000d5580000,0x00000000d6380000,0x00000000d6380000)
  from space 1024K, 56% used [0x00000000d6380000,0x00000000d6410040,0x00000000d6480000)
  to   space 1024K, 0% used [0x00000000d6480000,0x00000000d6480000,0x00000000d6580000)
 ParOldGen       total 81408K, used 80898K [0x0000000080000000, 0x0000000084f80000, 0x00000000d5580000)
  object space 81408K, 99% used [0x0000000080000000,0x0000000084f00b60,0x0000000084f80000)
 Metaspace       used 65915K, committed 67456K, reserved 1114112K
  class space    used 6843K, committed 7488K, reserved 1048576K
}
Event: 16.357 GC heap after
{Heap after GC invocations=77 (full 3):
 PSYoungGen      total 14848K, used 384K [0x00000000d5580000, 0x00000000d6500000, 0x0000000100000000)
  eden space 14336K, 0% used [0x00000000d5580000,0x00000000d5580000,0x00000000d6380000)
  from space 512K, 75% used [0x00000000d6480000,0x00000000d64e0000,0x00000000d6500000)
  to   space 512K, 0% used [0x00000000d6400000,0x00000000d6400000,0x00000000d6480000)
 ParOldGen       total 81408K, used 81162K [0x0000000080000000, 0x0000000084f80000, 0x00000000d5580000)
  object space 81408K, 99% used [0x0000000080000000,0x0000000084f42ba0,0x0000000084f80000)
 Metaspace       used 65915K, committed 67456K, reserved 1114112K
  class space    used 6843K, committed 7488K, reserved 1048576K
}
Event: 16.624 GC heap before
{Heap before GC invocations=78 (full 3):
 PSYoungGen      total 14848K, used 14720K [0x00000000d5580000, 0x00000000d6500000, 0x0000000100000000)
  eden space 14336K, 100% used [0x00000000d5580000,0x00000000d6380000,0x00000000d6380000)
  from space 512K, 75% used [0x00000000d6480000,0x00000000d64e0000,0x00000000d6500000)
  to   space 512K, 0% used [0x00000000d6400000,0x00000000d6400000,0x00000000d6480000)
 ParOldGen       total 81408K, used 81162K [0x0000000080000000, 0x0000000084f80000, 0x00000000d5580000)
  object space 81408K, 99% used [0x0000000080000000,0x0000000084f42ba0,0x0000000084f80000)
 Metaspace       used 65961K, committed 67456K, reserved 1114112K
  class space    used 6843K, committed 7488K, reserved 1048576K
}
Event: 16.626 GC heap after
{Heap after GC invocations=78 (full 3):
 PSYoungGen      total 14848K, used 352K [0x00000000d5580000, 0x00000000d6500000, 0x0000000100000000)
  eden space 14336K, 0% used [0x00000000d5580000,0x00000000d5580000,0x00000000d6380000)
  from space 512K, 68% used [0x00000000d6400000,0x00000000d6458000,0x00000000d6480000)
  to   space 512K, 0% used [0x00000000d6480000,0x00000000d6480000,0x00000000d6500000)
 ParOldGen       total 81408K, used 81370K [0x0000000080000000, 0x0000000084f80000, 0x00000000d5580000)
  object space 81408K, 99% used [0x0000000080000000,0x0000000084f76ba0,0x0000000084f80000)
 Metaspace       used 65961K, committed 67456K, reserved 1114112K
  class space    used 6843K, committed 7488K, reserved 1048576K
}
Event: 16.735 GC heap before
{Heap before GC invocations=79 (full 3):
 PSYoungGen      total 14848K, used 14688K [0x00000000d5580000, 0x00000000d6500000, 0x0000000100000000)
  eden space 14336K, 100% used [0x00000000d5580000,0x00000000d6380000,0x00000000d6380000)
  from space 512K, 68% used [0x00000000d6400000,0x00000000d6458000,0x00000000d6480000)
  to   space 512K, 0% used [0x00000000d6480000,0x00000000d6480000,0x00000000d6500000)
 ParOldGen       total 81408K, used 81370K [0x0000000080000000, 0x0000000084f80000, 0x00000000d5580000)
  object space 81408K, 99% used [0x0000000080000000,0x0000000084f76ba0,0x0000000084f80000)
 Metaspace       used 66008K, committed 67520K, reserved 1114112K
  class space    used 6843K, committed 7488K, reserved 1048576K
}
Event: 16.736 GC heap after
{Heap after GC invocations=79 (full 3):
 PSYoungGen      total 14848K, used 384K [0x00000000d5580000, 0x00000000d6500000, 0x0000000100000000)
  eden space 14336K, 0% used [0x00000000d5580000,0x00000000d5580000,0x00000000d6380000)
  from space 512K, 75% used [0x00000000d6480000,0x00000000d64e0010,0x00000000d6500000)
  to   space 512K, 0% used [0x00000000d6400000,0x00000000d6400000,0x00000000d6480000)
 ParOldGen       total 81920K, used 81554K [0x0000000080000000, 0x0000000085000000, 0x00000000d5580000)
  object space 81920K, 99% used [0x0000000080000000,0x0000000084fa4ba0,0x0000000085000000)
 Metaspace       used 66008K, committed 67520K, reserved 1114112K
  class space    used 6843K, committed 7488K, reserved 1048576K
}
Event: 16.835 GC heap before
{Heap before GC invocations=80 (full 3):
 PSYoungGen      total 14848K, used 14720K [0x00000000d5580000, 0x00000000d6500000, 0x0000000100000000)
  eden space 14336K, 100% used [0x00000000d5580000,0x00000000d6380000,0x00000000d6380000)
  from space 512K, 75% used [0x00000000d6480000,0x00000000d64e0010,0x00000000d6500000)
  to   space 512K, 0% used [0x00000000d6400000,0x00000000d6400000,0x00000000d6480000)
 ParOldGen       total 81920K, used 81554K [0x0000000080000000, 0x0000000085000000, 0x00000000d5580000)
  object space 81920K, 99% used [0x0000000080000000,0x0000000084fa4ba0,0x0000000085000000)
 Metaspace       used 66027K, committed 67584K, reserved 1114112K
  class space    used 6843K, committed 7488K, reserved 1048576K
}
Event: 16.836 GC heap after
{Heap after GC invocations=80 (full 3):
 PSYoungGen      total 14848K, used 384K [0x00000000d5580000, 0x00000000d6500000, 0x0000000100000000)
  eden space 14336K, 0% used [0x00000000d5580000,0x00000000d5580000,0x00000000d6380000)
  from space 512K, 75% used [0x00000000d6400000,0x00000000d6460000,0x00000000d6480000)
  to   space 512K, 0% used [0x00000000d6480000,0x00000000d6480000,0x00000000d6500000)
 ParOldGen       total 81920K, used 81761K [0x0000000080000000, 0x0000000085000000, 0x00000000d5580000)
  object space 81920K, 99% used [0x0000000080000000,0x0000000084fd8550,0x0000000085000000)
 Metaspace       used 66027K, committed 67584K, reserved 1114112K
  class space    used 6843K, committed 7488K, reserved 1048576K
}
Event: 16.997 GC heap before
{Heap before GC invocations=81 (full 3):
 PSYoungGen      total 14848K, used 14720K [0x00000000d5580000, 0x00000000d6500000, 0x0000000100000000)
  eden space 14336K, 100% used [0x00000000d5580000,0x00000000d6380000,0x00000000d6380000)
  from space 512K, 75% used [0x00000000d6400000,0x00000000d6460000,0x00000000d6480000)
  to   space 512K, 0% used [0x00000000d6480000,0x00000000d6480000,0x00000000d6500000)
 ParOldGen       total 81920K, used 81761K [0x0000000080000000, 0x0000000085000000, 0x00000000d5580000)
  object space 81920K, 99% used [0x0000000080000000,0x0000000084fd8550,0x0000000085000000)
 Metaspace       used 67057K, committed 68608K, reserved 1114112K
  class space    used 6938K, committed 7616K, reserved 1048576K
}
Event: 17.005 GC heap after
{Heap after GC invocations=81 (full 3):
 PSYoungGen      total 9216K, used 512K [0x00000000d5580000, 0x00000000d7080000, 0x0000000100000000)
  eden space 8704K, 0% used [0x00000000d5580000,0x00000000d5580000,0x00000000d5e00000)
  from space 512K, 100% used [0x00000000d6480000,0x00000000d6500000,0x00000000d6500000)
  to   space 6656K, 0% used [0x00000000d5e00000,0x00000000d5e00000,0x00000000d6480000)
 ParOldGen       total 87040K, used 86596K [0x0000000080000000, 0x0000000085500000, 0x00000000d5580000)
  object space 87040K, 99% used [0x0000000080000000,0x00000000854913e0,0x0000000085500000)
 Metaspace       used 67057K, committed 68608K, reserved 1114112K
  class space    used 6938K, committed 7616K, reserved 1048576K
}
Event: 17.125 GC heap before
{Heap before GC invocations=82 (full 3):
 PSYoungGen      total 9216K, used 9216K [0x00000000d5580000, 0x00000000d7080000, 0x0000000100000000)
  eden space 8704K, 100% used [0x00000000d5580000,0x00000000d5e00000,0x00000000d5e00000)
  from space 512K, 100% used [0x00000000d6480000,0x00000000d6500000,0x00000000d6500000)
  to   space 6656K, 0% used [0x00000000d5e00000,0x00000000d5e00000,0x00000000d6480000)
 ParOldGen       total 87040K, used 86596K [0x0000000080000000, 0x0000000085500000, 0x00000000d5580000)
  object space 87040K, 99% used [0x0000000080000000,0x00000000854913e0,0x0000000085500000)
 Metaspace       used 67253K, committed 68864K, reserved 1114112K
  class space    used 6967K, committed 7680K, reserved 1048576K
}
Event: 17.127 GC heap after
{Heap after GC invocations=82 (full 3):
 PSYoungGen      total 13312K, used 4320K [0x00000000d5580000, 0x00000000d6800000, 0x0000000100000000)
  eden space 8704K, 0% used [0x00000000d5580000,0x00000000d5580000,0x00000000d5e00000)
  from space 4608K, 93% used [0x00000000d5e00000,0x00000000d6238020,0x00000000d6280000)
  to   space 5120K, 0% used [0x00000000d6300000,0x00000000d6300000,0x00000000d6800000)
 ParOldGen       total 87552K, used 87136K [0x0000000080000000, 0x0000000085580000, 0x00000000d5580000)
  object space 87552K, 99% used [0x0000000080000000,0x00000000855183c8,0x0000000085580000)
 Metaspace       used 67253K, committed 68864K, reserved 1114112K
  class space    used 6967K, committed 7680K, reserved 1048576K
}
Event: 17.294 GC heap before
{Heap before GC invocations=83 (full 3):
 PSYoungGen      total 13312K, used 13018K [0x00000000d5580000, 0x00000000d6800000, 0x0000000100000000)
  eden space 8704K, 99% used [0x00000000d5580000,0x00000000d5dfe9d8,0x00000000d5e00000)
  from space 4608K, 93% used [0x00000000d5e00000,0x00000000d6238020,0x00000000d6280000)
  to   space 5120K, 0% used [0x00000000d6300000,0x00000000d6300000,0x00000000d6800000)
 ParOldGen       total 87552K, used 87136K [0x0000000080000000, 0x0000000085580000, 0x00000000d5580000)
  object space 87552K, 99% used [0x0000000080000000,0x00000000855183c8,0x0000000085580000)
 Metaspace       used 67611K, committed 69184K, reserved 1114112K
  class space    used 6992K, committed 7680K, reserved 1048576K
}
Event: 17.297 GC heap after
{Heap after GC invocations=83 (full 3):
 PSYoungGen      total 9216K, used 437K [0x00000000d5580000, 0x00000000d6380000, 0x0000000100000000)
  eden space 8704K, 0% used [0x00000000d5580000,0x00000000d5580000,0x00000000d5e00000)
  from space 512K, 85% used [0x00000000d6300000,0x00000000d636d560,0x00000000d6380000)
  to   space 2048K, 0% used [0x00000000d5f80000,0x00000000d5f80000,0x00000000d6180000)
 ParOldGen       total 91648K, used 91355K [0x0000000080000000, 0x0000000085980000, 0x00000000d5580000)
  object space 91648K, 99% used [0x0000000080000000,0x0000000085936de8,0x0000000085980000)
 Metaspace       used 67611K, committed 69184K, reserved 1114112K
  class space    used 6992K, committed 7680K, reserved 1048576K
}
Event: 17.444 GC heap before
{Heap before GC invocations=84 (full 3):
 PSYoungGen      total 9216K, used 9141K [0x00000000d5580000, 0x00000000d6380000, 0x0000000100000000)
  eden space 8704K, 100% used [0x00000000d5580000,0x00000000d5e00000,0x00000000d5e00000)
  from space 512K, 85% used [0x00000000d6300000,0x00000000d636d560,0x00000000d6380000)
  to   space 2048K, 0% used [0x00000000d5f80000,0x00000000d5f80000,0x00000000d6180000)
 ParOldGen       total 91648K, used 91355K [0x0000000080000000, 0x0000000085980000, 0x00000000d5580000)
  object space 91648K, 99% used [0x0000000080000000,0x0000000085936de8,0x0000000085980000)
 Metaspace       used 67962K, committed 69504K, reserved 1114112K
  class space    used 7015K, committed 7680K, reserved 1048576K
}
Event: 17.446 GC heap after
{Heap after GC invocations=84 (full 3):
 PSYoungGen      total 10752K, used 1213K [0x00000000d5580000, 0x00000000d6380000, 0x0000000100000000)
  eden space 8704K, 0% used [0x00000000d5580000,0x00000000d5580000,0x00000000d5e00000)
  from space 2048K, 59% used [0x00000000d5f80000,0x00000000d60af680,0x00000000d6180000)
  to   space 1536K, 0% used [0x00000000d6200000,0x00000000d6200000,0x00000000d6380000)
 ParOldGen       total 91648K, used 91443K [0x0000000080000000, 0x0000000085980000, 0x00000000d5580000)
  object space 91648K, 99% used [0x0000000080000000,0x000000008594cde8,0x0000000085980000)
 Metaspace       used 67962K, committed 69504K, reserved 1114112K
  class space    used 7015K, committed 7680K, reserved 1048576K
}

