# JRE version: OpenJDK Runtime Environment Temurin-17.0.17+10 (17.0.17+10) (build 17.0.17+10)
# Java VM: OpenJDK 64-Bit Server VM Temurin-17.0.17+10 (17.0.17+10, mixed mode, emulated-client, sharing, tiered, compressed oops, compressed class ptrs, g1 gc, windows-amd64)
GC Precious Log:
 CPUs: 8 total, 8 available
 Memory: 7901M
 Large Page Support: Disabled
 NUMA Support: Disabled
 Compressed Oops: Enabled (32-bit)
 Heap Region Size: 1M
 Heap Min Capacity: 8M
 Heap Initial Capacity: 124M
 Heap Max Capacity: 1976M
 Pre-touch: Disabled
 Parallel Workers: 8
 Concurrent Workers: 2
 Concurrent Refinement Workers: 8
 Periodic GC: Disabled
Heap:
 garbage-first heap   total 84992K, used 50299K [0x0000000084800000, 0x0000000100000000)
  region size 1024K, 3 young (3072K), 3 survivors (3072K)
 Metaspace       used 60206K, committed 60736K, reserved 1114112K
  class space    used 8884K, committed 9152K, reserved 1048576K
GC Heap History (20 events):
Event: 4.723 GC heap after
{Heap after GC invocations=13 (full 0):
 garbage-first heap   total 70656K, used 25601K [0x0000000084800000, 0x0000000100000000)
  region size 1024K, 3 young (3072K), 3 survivors (3072K)
 Metaspace       used 53292K, committed 53824K, reserved 1114112K
  class space    used 7596K, committed 7872K, reserved 1048576K
}
Event: 5.268 GC heap before
{Heap before GC invocations=13 (full 0):
 garbage-first heap   total 70656K, used 55297K [0x0000000084800000, 0x0000000100000000)
  region size 1024K, 32 young (32768K), 3 survivors (3072K)
 Metaspace       used 57039K, committed 57536K, reserved 1114112K
  class space    used 8302K, committed 8512K, reserved 1048576K
}
Event: 5.272 GC heap after
{Heap after GC invocations=14 (full 0):
 garbage-first heap   total 70656K, used 27800K [0x0000000084800000, 0x0000000100000000)
  region size 1024K, 4 young (4096K), 4 survivors (4096K)
 Metaspace       used 57039K, committed 57536K, reserved 1114112K
  class space    used 8302K, committed 8512K, reserved 1048576K
}
Event: 5.807 GC heap before
{Heap before GC invocations=14 (full 0):
 garbage-first heap   total 70656K, used 55448K [0x0000000084800000, 0x0000000100000000)
  region size 1024K, 31 young (31744K), 4 survivors (4096K)
 Metaspace       used 58776K, committed 59264K, reserved 1114112K
  class space    used 8682K, committed 8896K, reserved 1048576K
}
Event: 5.812 GC heap after
{Heap after GC invocations=15 (full 0):
 garbage-first heap   total 70656K, used 29599K [0x0000000084800000, 0x0000000100000000)
  region size 1024K, 3 young (3072K), 3 survivors (3072K)
 Metaspace       used 58776K, committed 59264K, reserved 1114112K
  class space    used 8682K, committed 8896K, reserved 1048576K
}
Event: 6.370 GC heap before
{Heap before GC invocations=15 (full 0):
 garbage-first heap   total 70656K, used 55199K [0x0000000084800000, 0x0000000100000000)
  region size 1024K, 28 young (28672K), 3 survivors (3072K)
 Metaspace       used 58783K, committed 59264K, reserved 1114112K
  class space    used 8682K, committed 8896K, reserved 1048576K
}
Event: 6.373 GC heap after
{Heap after GC invocations=16 (full 0):
 garbage-first heap   total 70656K, used 29211K [0x0000000084800000, 0x0000000100000000)
  region size 1024K, 1 young (1024K), 1 survivors (1024K)
 Metaspace       used 58783K, committed 59264K, reserved 1114112K
  class space    used 8682K, committed 8896K, reserved 1048576K
}
Event: 6.481 GC heap before
{Heap before GC invocations=16 (full 0):
 garbage-first heap   total 70656K, used 35355K [0x0000000084800000, 0x0000000100000000)
  region size 1024K, 9 young (9216K), 1 survivors (1024K)
 Metaspace       used 59936K, committed 60416K, reserved 1114112K
  class space    used 8822K, committed 9024K, reserved 1048576K
}
Event: 6.483 GC heap after
{Heap after GC invocations=17 (full 0):
 garbage-first heap   total 70656K, used 29306K [0x0000000084800000, 0x0000000100000000)
  region size 1024K, 1 young (1024K), 1 survivors (1024K)
 Metaspace       used 59936K, committed 60416K, reserved 1114112K
  class space    used 8822K, committed 9024K, reserved 1048576K
}
Event: 7.077 GC heap before
{Heap before GC invocations=18 (full 0):
 garbage-first heap   total 70656K, used 56954K [0x0000000084800000, 0x0000000100000000)
  region size 1024K, 28 young (28672K), 1 survivors (1024K)
 Metaspace       used 60204K, committed 60736K, reserved 1114112K
  class space    used 8884K, committed 9152K, reserved 1048576K
}
Event: 7.083 GC heap after
{Heap after GC invocations=19 (full 0):
 garbage-first heap   total 84992K, used 37302K [0x0000000084800000, 0x0000000100000000)
  region size 1024K, 4 young (4096K), 4 survivors (4096K)
 Metaspace       used 60204K, committed 60736K, reserved 1114112K
  class space    used 8884K, committed 9152K, reserved 1048576K
}
Event: 7.689 GC heap before
{Heap before GC invocations=19 (full 0):
 garbage-first heap   total 84992K, used 62902K [0x0000000084800000, 0x0000000100000000)
  region size 1024K, 29 young (29696K), 4 survivors (4096K)
 Metaspace       used 60204K, committed 60736K, reserved 1114112K
  class space    used 8884K, committed 9152K, reserved 1048576K
}
Event: 7.696 GC heap after
{Heap after GC invocations=20 (full 0):
 garbage-first heap   total 84992K, used 44373K [0x0000000084800000, 0x0000000100000000)
  region size 1024K, 4 young (4096K), 4 survivors (4096K)
 Metaspace       used 60204K, committed 60736K, reserved 1114112K
  class space    used 8884K, committed 9152K, reserved 1048576K
}
Event: 8.116 GC heap before
{Heap before GC invocations=20 (full 0):
 garbage-first heap   total 84992K, used 62805K [0x0000000084800000, 0x0000000100000000)
  region size 1024K, 22 young (22528K), 4 survivors (4096K)
 Metaspace       used 60204K, committed 60736K, reserved 1114112K
  class space    used 8884K, committed 9152K, reserved 1048576K
}
Event: 8.121 GC heap after
{Heap after GC invocations=21 (full 0):
 garbage-first heap   total 84992K, used 47968K [0x0000000084800000, 0x0000000100000000)
  region size 1024K, 3 young (3072K), 3 survivors (3072K)
 Metaspace       used 60204K, committed 60736K, reserved 1114112K
  class space    used 8884K, committed 9152K, reserved 1048576K
}
Event: 8.573 GC heap before
{Heap before GC invocations=22 (full 0):
 garbage-first heap   total 84992K, used 65376K [0x0000000084800000, 0x0000000100000000)
  region size 1024K, 20 young (20480K), 3 survivors (3072K)
 Metaspace       used 60204K, committed 60736K, reserved 1114112K
  class space    used 8884K, committed 9152K, reserved 1048576K
}
Event: 8.576 GC heap after
{Heap after GC invocations=23 (full 0):
 garbage-first heap   total 84992K, used 48533K [0x0000000084800000, 0x0000000100000000)
  region size 1024K, 3 young (3072K), 3 survivors (3072K)
 Metaspace       used 60204K, committed 60736K, reserved 1114112K
  class space    used 8884K, committed 9152K, reserved 1048576K
}
Event: 9.032 GC heap before
{Heap before GC invocations=23 (full 0):
 garbage-first heap   total 84992K, used 64917K [0x0000000084800000, 0x0000000100000000)
  region size 1024K, 19 young (19456K), 3 survivors (3072K)
 Metaspace       used 60205K, committed 60736K, reserved 1114112K
  class space    used 8884K, committed 9152K, reserved 1048576K
}
Event: 9.035 GC heap after
{Heap after GC invocations=24 (full 0):
 garbage-first heap   total 84992K, used 49705K [0x0000000084800000, 0x0000000100000000)
  region size 1024K, 3 young (3072K), 3 survivors (3072K)
 Metaspace       used 60205K, committed 60736K, reserved 1114112K
  class space    used 8884K, committed 9152K, reserved 1048576K
}
Event: 9.498 GC heap before
{Heap before GC invocations=25 (full 0):
 garbage-first heap   total 84992K, used 61993K [0x0000000084800000, 0x0000000100000000)
  region size 1024K, 18 young (18432K), 3 survivors (3072K)
 Metaspace       used 60206K, committed 60736K, reserved 1114112K
  class space    used 8884K, committed 9152K, reserved 1048576K
}

