# JRE version: OpenJDK Runtime Environment Temurin-21.0.9+10 (21.0.9+10) (build 21.0.9+10-LTS)
# Java VM: OpenJDK 64-Bit Server VM Temurin-21.0.9+10 (21.0.9+10-LTS, mixed mode, sharing, tiered, compressed oops, compressed class ptrs, parallel gc, windows-amd64)
GC Precious Log:
 CardTable entry size: 512
 CPUs: 8 total, 8 available
 Memory: 7901M
 Large Page Support: Disabled
 NUMA Support: Disabled
 Compressed Oops: Enabled (32-bit)
 Alignments: Space 512K, Generation 512K, Heap 2M
 Heap Min Capacity: 100M
 Heap Initial Capacity: 100M
 Heap Max Capacity: 2G
 Pre-touch: Disabled
 Parallel Workers: 8
Heap:
 PSYoungGen      total 10752K, used 7558K [0x00000000d5580000, 0x00000000d6380000, 0x0000000100000000)
  eden space 8704K, 73% used [0x00000000d5580000,0x00000000d5bb9910,0x00000000d5e00000)
  from space 2048K, 57% used [0x00000000d6000000,0x00000000d6128000,0x00000000d6200000)
  to   space 1536K, 0% used [0x00000000d6200000,0x00000000d6200000,0x00000000d6380000)
 ParOldGen       total 71680K, used 71280K [0x0000000080000000, 0x0000000084600000, 0x00000000d5580000)
  object space 71680K, 99% used [0x0000000080000000,0x000000008459c200,0x0000000084600000)
 Metaspace       used 61034K, committed 62336K, reserved 1114112K
  class space    used 6371K, committed 6912K, reserved 1048576K
GC Heap History (20 events):
Event: 9.619 GC heap before
{Heap before GC invocations=65 (full 3):
 PSYoungGen      total 12800K, used 12784K [0x00000000d5580000, 0x00000000d6480000, 0x0000000100000000)
  eden space 11264K, 100% used [0x00000000d5580000,0x00000000d6080000,0x00000000d6080000)
  from space 1536K, 98% used [0x00000000d6080000,0x00000000d61fc048,0x00000000d6200000)
  to   space 2048K, 0% used [0x00000000d6280000,0x00000000d6280000,0x00000000d6480000)
 ParOldGen       total 68608K, used 59767K [0x0000000080000000, 0x0000000084300000, 0x00000000d5580000)
  object space 68608K, 87% used [0x0000000080000000,0x0000000083a5df20,0x0000000084300000)
 Metaspace       used 59106K, committed 60352K, reserved 1114112K
  class space    used 6234K, committed 6784K, reserved 1048576K
}
Event: 9.624 GC heap after
{Heap after GC invocations=65 (full 3):
 PSYoungGen      total 10752K, used 2032K [0x00000000d5580000, 0x00000000d6980000, 0x0000000100000000)
  eden space 8704K, 0% used [0x00000000d5580000,0x00000000d5580000,0x00000000d5e00000)
  from space 2048K, 99% used [0x00000000d6280000,0x00000000d647c010,0x00000000d6480000)
  to   space 4608K, 0% used [0x00000000d5e00000,0x00000000d5e00000,0x00000000d6280000)
 ParOldGen       total 68608K, used 61497K [0x0000000080000000, 0x0000000084300000, 0x00000000d5580000)
  object space 68608K, 89% used [0x0000000080000000,0x0000000083c0e460,0x0000000084300000)
 Metaspace       used 59106K, committed 60352K, reserved 1114112K
  class space    used 6234K, committed 6784K, reserved 1048576K
}
Event: 9.717 GC heap before
{Heap before GC invocations=66 (full 3):
 PSYoungGen      total 10752K, used 10736K [0x00000000d5580000, 0x00000000d6980000, 0x0000000100000000)
  eden space 8704K, 100% used [0x00000000d5580000,0x00000000d5e00000,0x00000000d5e00000)
  from space 2048K, 99% used [0x00000000d6280000,0x00000000d647c010,0x00000000d6480000)
  to   space 4608K, 0% used [0x00000000d5e00000,0x00000000d5e00000,0x00000000d6280000)
 ParOldGen       total 68608K, used 61497K [0x0000000080000000, 0x0000000084300000, 0x00000000d5580000)
  object space 68608K, 89% used [0x0000000080000000,0x0000000083c0e460,0x0000000084300000)
 Metaspace       used 59295K, committed 60544K, reserved 1114112K
  class space    used 6234K, committed 6784K, reserved 1048576K
}
Event: 9.721 GC heap after
{Heap after GC invocations=66 (full 3):
 PSYoungGen      total 10240K, used 1040K [0x00000000d5580000, 0x00000000d6300000, 0x0000000100000000)
  eden space 8704K, 0% used [0x00000000d5580000,0x00000000d5580000,0x00000000d5e00000)
  from space 1536K, 67% used [0x00000000d5e00000,0x00000000d5f04010,0x00000000d5f80000)
  to   space 2048K, 0% used [0x00000000d6100000,0x00000000d6100000,0x00000000d6300000)
 ParOldGen       total 68608K, used 63533K [0x0000000080000000, 0x0000000084300000, 0x00000000d5580000)
  object space 68608K, 92% used [0x0000000080000000,0x0000000083e0b7d8,0x0000000084300000)
 Metaspace       used 59295K, committed 60544K, reserved 1114112K
  class space    used 6234K, committed 6784K, reserved 1048576K
}
Event: 9.759 GC heap before
{Heap before GC invocations=67 (full 3):
 PSYoungGen      total 10240K, used 9744K [0x00000000d5580000, 0x00000000d6300000, 0x0000000100000000)
  eden space 8704K, 100% used [0x00000000d5580000,0x00000000d5e00000,0x00000000d5e00000)
  from space 1536K, 67% used [0x00000000d5e00000,0x00000000d5f04010,0x00000000d5f80000)
  to   space 2048K, 0% used [0x00000000d6100000,0x00000000d6100000,0x00000000d6300000)
 ParOldGen       total 68608K, used 63533K [0x0000000080000000, 0x0000000084300000, 0x00000000d5580000)
  object space 68608K, 92% used [0x0000000080000000,0x0000000083e0b7d8,0x0000000084300000)
 Metaspace       used 59348K, committed 60608K, reserved 1114112K
  class space    used 6237K, committed 6784K, reserved 1048576K
}
Event: 9.761 GC heap after
{Heap after GC invocations=67 (full 3):
 PSYoungGen      total 9728K, used 864K [0x00000000d5580000, 0x00000000d6200000, 0x0000000100000000)
  eden space 8704K, 0% used [0x00000000d5580000,0x00000000d5580000,0x00000000d5e00000)
  from space 1024K, 84% used [0x00000000d6100000,0x00000000d61d8020,0x00000000d6200000)
  to   space 1536K, 0% used [0x00000000d5f00000,0x00000000d5f00000,0x00000000d6080000)
 ParOldGen       total 68608K, used 64438K [0x0000000080000000, 0x0000000084300000, 0x00000000d5580000)
  object space 68608K, 93% used [0x0000000080000000,0x0000000083eedac8,0x0000000084300000)
 Metaspace       used 59348K, committed 60608K, reserved 1114112K
  class space    used 6237K, committed 6784K, reserved 1048576K
}
Event: 9.811 GC heap before
{Heap before GC invocations=68 (full 3):
 PSYoungGen      total 9728K, used 9565K [0x00000000d5580000, 0x00000000d6200000, 0x0000000100000000)
  eden space 8704K, 99% used [0x00000000d5580000,0x00000000d5dff540,0x00000000d5e00000)
  from space 1024K, 84% used [0x00000000d6100000,0x00000000d61d8020,0x00000000d6200000)
  to   space 1536K, 0% used [0x00000000d5f00000,0x00000000d5f00000,0x00000000d6080000)
 ParOldGen       total 68608K, used 64438K [0x0000000080000000, 0x0000000084300000, 0x00000000d5580000)
  object space 68608K, 93% used [0x0000000080000000,0x0000000083eedac8,0x0000000084300000)
 Metaspace       used 59383K, committed 60672K, reserved 1114112K
  class space    used 6237K, committed 6784K, reserved 1048576K
}
Event: 9.813 GC heap after
{Heap after GC invocations=68 (full 3):
 PSYoungGen      total 10240K, used 912K [0x00000000d5580000, 0x00000000d6180000, 0x0000000100000000)
  eden space 8704K, 0% used [0x00000000d5580000,0x00000000d5580000,0x00000000d5e00000)
  from space 1536K, 59% used [0x00000000d5f00000,0x00000000d5fe4010,0x00000000d6080000)
  to   space 1024K, 0% used [0x00000000d6080000,0x00000000d6080000,0x00000000d6180000)
 ParOldGen       total 68608K, used 65190K [0x0000000080000000, 0x0000000084300000, 0x00000000d5580000)
  object space 68608K, 95% used [0x0000000080000000,0x0000000083fa9b28,0x0000000084300000)
 Metaspace       used 59383K, committed 60672K, reserved 1114112K
  class space    used 6237K, committed 6784K, reserved 1048576K
}
Event: 9.879 GC heap before
{Heap before GC invocations=69 (full 3):
 PSYoungGen      total 10240K, used 9616K [0x00000000d5580000, 0x00000000d6180000, 0x0000000100000000)
  eden space 8704K, 100% used [0x00000000d5580000,0x00000000d5e00000,0x00000000d5e00000)
  from space 1536K, 59% used [0x00000000d5f00000,0x00000000d5fe4010,0x00000000d6080000)
  to   space 1024K, 0% used [0x00000000d6080000,0x00000000d6080000,0x00000000d6180000)
 ParOldGen       total 68608K, used 65190K [0x0000000080000000, 0x0000000084300000, 0x00000000d5580000)
  object space 68608K, 95% used [0x0000000080000000,0x0000000083fa9b28,0x0000000084300000)
 Metaspace       used 59514K, committed 60800K, reserved 1114112K
  class space    used 6238K, committed 6784K, reserved 1048576K
}
Event: 9.881 GC heap after
{Heap after GC invocations=69 (full 3):
 PSYoungGen      total 9728K, used 1024K [0x00000000d5580000, 0x00000000d6200000, 0x0000000100000000)
  eden space 8704K, 0% used [0x00000000d5580000,0x00000000d5580000,0x00000000d5e00000)
  from space 1024K, 100% used [0x00000000d6080000,0x00000000d6180000,0x00000000d6180000)
  to   space 2048K, 0% used [0x00000000d5e00000,0x00000000d5e00000,0x00000000d6000000)
 ParOldGen       total 68608K, used 66038K [0x0000000080000000, 0x0000000084300000, 0x00000000d5580000)
  object space 68608K, 96% used [0x0000000080000000,0x000000008407dba8,0x0000000084300000)
 Metaspace       used 59514K, committed 60800K, reserved 1114112K
  class space    used 6238K, committed 6784K, reserved 1048576K
}
Event: 9.990 GC heap before
{Heap before GC invocations=70 (full 3):
 PSYoungGen      total 9728K, used 9680K [0x00000000d5580000, 0x00000000d6200000, 0x0000000100000000)
  eden space 8704K, 99% used [0x00000000d5580000,0x00000000d5df4140,0x00000000d5e00000)
  from space 1024K, 100% used [0x00000000d6080000,0x00000000d6180000,0x00000000d6180000)
  to   space 2048K, 0% used [0x00000000d5e00000,0x00000000d5e00000,0x00000000d6000000)
 ParOldGen       total 68608K, used 66038K [0x0000000080000000, 0x0000000084300000, 0x00000000d5580000)
  object space 68608K, 96% used [0x0000000080000000,0x000000008407dba8,0x0000000084300000)
 Metaspace       used 59726K, committed 60992K, reserved 1114112K
  class space    used 6251K, committed 6784K, reserved 1048576K
}
Event: 9.993 GC heap after
{Heap after GC invocations=70 (full 3):
 PSYoungGen      total 10752K, used 2032K [0x00000000d5580000, 0x00000000d6900000, 0x0000000100000000)
  eden space 8704K, 0% used [0x00000000d5580000,0x00000000d5580000,0x00000000d5e00000)
  from space 2048K, 99% used [0x00000000d5e00000,0x00000000d5ffc220,0x00000000d6000000)
  to   space 5632K, 0% used [0x00000000d6380000,0x00000000d6380000,0x00000000d6900000)
 ParOldGen       total 69120K, used 68729K [0x0000000080000000, 0x0000000084380000, 0x00000000d5580000)
  object space 69120K, 99% used [0x0000000080000000,0x000000008431e648,0x0000000084380000)
 Metaspace       used 59726K, committed 60992K, reserved 1114112K
  class space    used 6251K, committed 6784K, reserved 1048576K
}
Event: 10.086 GC heap before
{Heap before GC invocations=71 (full 3):
 PSYoungGen      total 10752K, used 10736K [0x00000000d5580000, 0x00000000d6900000, 0x0000000100000000)
  eden space 8704K, 100% used [0x00000000d5580000,0x00000000d5e00000,0x00000000d5e00000)
  from space 2048K, 99% used [0x00000000d5e00000,0x00000000d5ffc220,0x00000000d6000000)
  to   space 5632K, 0% used [0x00000000d6380000,0x00000000d6380000,0x00000000d6900000)
 ParOldGen       total 69120K, used 68729K [0x0000000080000000, 0x0000000084380000, 0x00000000d5580000)
  object space 69120K, 99% used [0x0000000080000000,0x000000008431e648,0x0000000084380000)
 Metaspace       used 59826K, committed 61056K, reserved 1114112K
  class space    used 6259K, committed 6784K, reserved 1048576K
}
Event: 10.088 GC heap after
{Heap after GC invocations=71 (full 3):
 PSYoungGen      total 9728K, used 813K [0x00000000d5580000, 0x00000000d6480000, 0x0000000100000000)
  eden space 8704K, 0% used [0x00000000d5580000,0x00000000d5580000,0x00000000d5e00000)
  from space 1024K, 79% used [0x00000000d6380000,0x00000000d644b610,0x00000000d6480000)
  to   space 2560K, 0% used [0x00000000d5f80000,0x00000000d5f80000,0x00000000d6200000)
 ParOldGen       total 69632K, used 69192K [0x0000000080000000, 0x0000000084400000, 0x00000000d5580000)
  object space 69632K, 99% used [0x0000000080000000,0x00000000843921c0,0x0000000084400000)
 Metaspace       used 59826K, committed 61056K, reserved 1114112K
  class space    used 6259K, committed 6784K, reserved 1048576K
}
Event: 10.169 GC heap before
{Heap before GC invocations=72 (full 3):
 PSYoungGen      total 9728K, used 9517K [0x00000000d5580000, 0x00000000d6480000, 0x0000000100000000)
  eden space 8704K, 100% used [0x00000000d5580000,0x00000000d5e00000,0x00000000d5e00000)
  from space 1024K, 79% used [0x00000000d6380000,0x00000000d644b610,0x00000000d6480000)
  to   space 2560K, 0% used [0x00000000d5f80000,0x00000000d5f80000,0x00000000d6200000)
 ParOldGen       total 69632K, used 69192K [0x0000000080000000, 0x0000000084400000, 0x00000000d5580000)
  object space 69632K, 99% used [0x0000000080000000,0x00000000843921c0,0x0000000084400000)
 Metaspace       used 59890K, committed 61184K, reserved 1114112K
  class space    used 6274K, committed 6848K, reserved 1048576K
}
Event: 10.170 GC heap after
{Heap after GC invocations=72 (full 3):
 PSYoungGen      total 11264K, used 384K [0x00000000d5580000, 0x00000000d6400000, 0x0000000100000000)
  eden space 8704K, 0% used [0x00000000d5580000,0x00000000d5580000,0x00000000d5e00000)
  from space 2560K, 15% used [0x00000000d5f80000,0x00000000d5fe0000,0x00000000d6200000)
  to   space 1024K, 0% used [0x00000000d6300000,0x00000000d6300000,0x00000000d6400000)
 ParOldGen       total 70144K, used 69728K [0x0000000080000000, 0x0000000084480000, 0x00000000d5580000)
  object space 70144K, 99% used [0x0000000080000000,0x00000000844181c0,0x0000000084480000)
 Metaspace       used 59890K, committed 61184K, reserved 1114112K
  class space    used 6274K, committed 6848K, reserved 1048576K
}
Event: 10.414 GC heap before
{Heap before GC invocations=73 (full 3):
 PSYoungGen      total 11264K, used 9088K [0x00000000d5580000, 0x00000000d6400000, 0x0000000100000000)
  eden space 8704K, 100% used [0x00000000d5580000,0x00000000d5e00000,0x00000000d5e00000)
  from space 2560K, 15% used [0x00000000d5f80000,0x00000000d5fe0000,0x00000000d6200000)
  to   space 1024K, 0% used [0x00000000d6300000,0x00000000d6300000,0x00000000d6400000)
 ParOldGen       total 70144K, used 69728K [0x0000000080000000, 0x0000000084480000, 0x00000000d5580000)
  object space 70144K, 99% used [0x0000000080000000,0x00000000844181c0,0x0000000084480000)
 Metaspace       used 60560K, committed 61888K, reserved 1114112K
  class space    used 6341K, committed 6912K, reserved 1048576K
}
Event: 10.417 GC heap after
{Heap after GC invocations=73 (full 3):
 PSYoungGen      total 9728K, used 1024K [0x00000000d5580000, 0x00000000d6400000, 0x0000000100000000)
  eden space 8704K, 0% used [0x00000000d5580000,0x00000000d5580000,0x00000000d5e00000)
  from space 1024K, 100% used [0x00000000d6300000,0x00000000d6400000,0x00000000d6400000)
  to   space 2048K, 0% used [0x00000000d6000000,0x00000000d6000000,0x00000000d6200000)
 ParOldGen       total 70656K, used 70248K [0x0000000080000000, 0x0000000084500000, 0x00000000d5580000)
  object space 70656K, 99% used [0x0000000080000000,0x000000008449a1c0,0x0000000084500000)
 Metaspace       used 60560K, committed 61888K, reserved 1114112K
  class space    used 6341K, committed 6912K, reserved 1048576K
}
Event: 10.687 GC heap before
{Heap before GC invocations=74 (full 3):
 PSYoungGen      total 9728K, used 9728K [0x00000000d5580000, 0x00000000d6400000, 0x0000000100000000)
  eden space 8704K, 100% used [0x00000000d5580000,0x00000000d5e00000,0x00000000d5e00000)
  from space 1024K, 100% used [0x00000000d6300000,0x00000000d6400000,0x00000000d6400000)
  to   space 2048K, 0% used [0x00000000d6000000,0x00000000d6000000,0x00000000d6200000)
 ParOldGen       total 70656K, used 70248K [0x0000000080000000, 0x0000000084500000, 0x00000000d5580000)
  object space 70656K, 99% used [0x0000000080000000,0x000000008449a1c0,0x0000000084500000)
 Metaspace       used 60963K, committed 62272K, reserved 1114112K
  class space    used 6371K, committed 6912K, reserved 1048576K
}
Event: 10.690 GC heap after
{Heap after GC invocations=74 (full 3):
 PSYoungGen      total 10752K, used 1184K [0x00000000d5580000, 0x00000000d6380000, 0x0000000100000000)
  eden space 8704K, 0% used [0x00000000d5580000,0x00000000d5580000,0x00000000d5e00000)
  from space 2048K, 57% used [0x00000000d6000000,0x00000000d6128000,0x00000000d6200000)
  to   space 1536K, 0% used [0x00000000d6200000,0x00000000d6200000,0x00000000d6380000)
 ParOldGen       total 71680K, used 71280K [0x0000000080000000, 0x0000000084600000, 0x00000000d5580000)
  object space 71680K, 99% used [0x0000000080000000,0x000000008459c200,0x0000000084600000)
 Metaspace       used 60963K, committed 62272K, reserved 1114112K
  class space    used 6371K, committed 6912K, reserved 1048576K
}

