# JRE version: OpenJDK Runtime Environment Temurin-21.0.9+10 (21.0.9+10) (build 21.0.9+10-LTS)
# Java VM: OpenJDK 64-Bit Server VM Temurin-21.0.9+10 (21.0.9+10-LTS, mixed mode, sharing, tiered, compressed oops, compressed class ptrs, parallel gc, windows-amd64)
GC Precious Log:
 CardTable entry size: 512
 CPUs: 8 total, 8 available
 Memory: 7901M
 Large Page Support: Disabled
 NUMA Support: Disabled
 Compressed Oops: Enabled (32-bit)
 Alignments: Space 512K, Generation 512K, Heap 2M
 Heap Min Capacity: 100M
 Heap Initial Capacity: 100M
 Heap Max Capacity: 2G
 Pre-touch: Disabled
 Parallel Workers: 8
Heap:
 PSYoungGen      total 16896K, used 16865K [0x00000000d5580000, 0x00000000d6c80000, 0x0000000100000000)
  eden space 15360K, 100% used [0x00000000d5580000,0x00000000d6480000,0x00000000d6480000)
  from space 1536K, 98% used [0x00000000d6580000,0x00000000d66f8580,0x00000000d6700000)
  to   space 4096K, 26% used [0x00000000d6880000,0x00000000d6994050,0x00000000d6c80000)
 ParOldGen       total 126464K, used 125969K [0x0000000080000000, 0x0000000087b80000, 0x00000000d5580000)
  object space 126464K, 99% used [0x0000000080000000,0x0000000087b04708,0x0000000087b80000)
 Metaspace       used 71633K, committed 73216K, reserved 1179648K
  class space    used 7278K, committed 8064K, reserved 1048576K
GC Heap History (20 events):
Event: 18.467 GC heap before
{Heap before GC invocations=91 (full 3):
 PSYoungGen      total 16896K, used 16874K [0x00000000d5580000, 0x00000000d6a80000, 0x0000000100000000)
  eden space 15360K, 100% used [0x00000000d5580000,0x00000000d6480000,0x00000000d6480000)
  from space 1536K, 98% used [0x00000000d6480000,0x00000000d65fa950,0x00000000d6600000)
  to   space 3072K, 0% used [0x00000000d6780000,0x00000000d6780000,0x00000000d6a80000)
 ParOldGen       total 111104K, used 111016K [0x0000000080000000, 0x0000000086c80000, 0x00000000d5580000)
  object space 111104K, 99% used [0x0000000080000000,0x0000000086c6a0a8,0x0000000086c80000)
 Metaspace       used 71453K, committed 73024K, reserved 1179648K
  class space    used 7275K, committed 8064K, reserved 1048576K
}
Event: 18.471 GC heap after
{Heap after GC invocations=91 (full 3):
 PSYoungGen      total 17408K, used 1764K [0x00000000d5580000, 0x00000000d6980000, 0x0000000100000000)
  eden space 15360K, 0% used [0x00000000d5580000,0x00000000d5580000,0x00000000d6480000)
  from space 2048K, 86% used [0x00000000d6780000,0x00000000d6939210,0x00000000d6980000)
  to   space 2560K, 0% used [0x00000000d6480000,0x00000000d6480000,0x00000000d6700000)
 ParOldGen       total 112640K, used 112471K [0x0000000080000000, 0x0000000086e00000, 0x00000000d5580000)
  object space 112640K, 99% used [0x0000000080000000,0x0000000086dd5cb0,0x0000000086e00000)
 Metaspace       used 71453K, committed 73024K, reserved 1179648K
  class space    used 7275K, committed 8064K, reserved 1048576K
}
Event: 18.581 GC heap before
{Heap before GC invocations=92 (full 3):
 PSYoungGen      total 17408K, used 17124K [0x00000000d5580000, 0x00000000d6980000, 0x0000000100000000)
  eden space 15360K, 100% used [0x00000000d5580000,0x00000000d6480000,0x00000000d6480000)
  from space 2048K, 86% used [0x00000000d6780000,0x00000000d6939210,0x00000000d6980000)
  to   space 2560K, 0% used [0x00000000d6480000,0x00000000d6480000,0x00000000d6700000)
 ParOldGen       total 112640K, used 112471K [0x0000000080000000, 0x0000000086e00000, 0x00000000d5580000)
  object space 112640K, 99% used [0x0000000080000000,0x0000000086dd5cb0,0x0000000086e00000)
 Metaspace       used 71463K, committed 73024K, reserved 1179648K
  class space    used 7275K, committed 8064K, reserved 1048576K
}
Event: 18.584 GC heap after
{Heap after GC invocations=92 (full 3):
 PSYoungGen      total 17408K, used 1812K [0x00000000d5580000, 0x00000000d6880000, 0x0000000100000000)
  eden space 15360K, 0% used [0x00000000d5580000,0x00000000d5580000,0x00000000d6480000)
  from space 2048K, 88% used [0x00000000d6480000,0x00000000d6645300,0x00000000d6680000)
  to   space 2048K, 0% used [0x00000000d6680000,0x00000000d6680000,0x00000000d6880000)
 ParOldGen       total 114176K, used 113982K [0x0000000080000000, 0x0000000086f80000, 0x00000000d5580000)
  object space 114176K, 99% used [0x0000000080000000,0x0000000086f4f898,0x0000000086f80000)
 Metaspace       used 71463K, committed 73024K, reserved 1179648K
  class space    used 7275K, committed 8064K, reserved 1048576K
}
Event: 18.663 GC heap before
{Heap before GC invocations=93 (full 3):
 PSYoungGen      total 17408K, used 17172K [0x00000000d5580000, 0x00000000d6880000, 0x0000000100000000)
  eden space 15360K, 100% used [0x00000000d5580000,0x00000000d6480000,0x00000000d6480000)
  from space 2048K, 88% used [0x00000000d6480000,0x00000000d6645300,0x00000000d6680000)
  to   space 2048K, 0% used [0x00000000d6680000,0x00000000d6680000,0x00000000d6880000)
 ParOldGen       total 114176K, used 113982K [0x0000000080000000, 0x0000000086f80000, 0x00000000d5580000)
  object space 114176K, 99% used [0x0000000080000000,0x0000000086f4f898,0x0000000086f80000)
 Metaspace       used 71482K, committed 73088K, reserved 1179648K
  class space    used 7275K, committed 8064K, reserved 1048576K
}
Event: 18.666 GC heap after
{Heap after GC invocations=93 (full 3):
 PSYoungGen      total 17408K, used 1617K [0x00000000d5580000, 0x00000000d6880000, 0x0000000100000000)
  eden space 15360K, 0% used [0x00000000d5580000,0x00000000d5580000,0x00000000d6480000)
  from space 2048K, 78% used [0x00000000d6680000,0x00000000d6814590,0x00000000d6880000)
  to   space 2048K, 0% used [0x00000000d6480000,0x00000000d6480000,0x00000000d6680000)
 ParOldGen       total 115712K, used 115650K [0x0000000080000000, 0x0000000087100000, 0x00000000d5580000)
  object space 115712K, 99% used [0x0000000080000000,0x00000000870f08d0,0x0000000087100000)
 Metaspace       used 71482K, committed 73088K, reserved 1179648K
  class space    used 7275K, committed 8064K, reserved 1048576K
}
Event: 18.792 GC heap before
{Heap before GC invocations=94 (full 3):
 PSYoungGen      total 17408K, used 16977K [0x00000000d5580000, 0x00000000d6880000, 0x0000000100000000)
  eden space 15360K, 100% used [0x00000000d5580000,0x00000000d6480000,0x00000000d6480000)
  from space 2048K, 78% used [0x00000000d6680000,0x00000000d6814590,0x00000000d6880000)
  to   space 2048K, 0% used [0x00000000d6480000,0x00000000d6480000,0x00000000d6680000)
 ParOldGen       total 115712K, used 115650K [0x0000000080000000, 0x0000000087100000, 0x00000000d5580000)
  object space 115712K, 99% used [0x0000000080000000,0x00000000870f08d0,0x0000000087100000)
 Metaspace       used 71500K, committed 73088K, reserved 1179648K
  class space    used 7276K, committed 8064K, reserved 1048576K
}
Event: 18.795 GC heap after
{Heap after GC invocations=94 (full 3):
 PSYoungGen      total 16384K, used 948K [0x00000000d5580000, 0x00000000d6780000, 0x0000000100000000)
  eden space 15360K, 0% used [0x00000000d5580000,0x00000000d5580000,0x00000000d6480000)
  from space 1024K, 92% used [0x00000000d6480000,0x00000000d656d200,0x00000000d6580000)
  to   space 1536K, 0% used [0x00000000d6600000,0x00000000d6600000,0x00000000d6780000)
 ParOldGen       total 117248K, used 117147K [0x0000000080000000, 0x0000000087280000, 0x00000000d5580000)
  object space 117248K, 99% used [0x0000000080000000,0x0000000087266eb0,0x0000000087280000)
 Metaspace       used 71500K, committed 73088K, reserved 1179648K
  class space    used 7276K, committed 8064K, reserved 1048576K
}
Event: 18.889 GC heap before
{Heap before GC invocations=95 (full 3):
 PSYoungGen      total 16384K, used 16308K [0x00000000d5580000, 0x00000000d6780000, 0x0000000100000000)
  eden space 15360K, 100% used [0x00000000d5580000,0x00000000d6480000,0x00000000d6480000)
  from space 1024K, 92% used [0x00000000d6480000,0x00000000d656d200,0x00000000d6580000)
  to   space 1536K, 0% used [0x00000000d6600000,0x00000000d6600000,0x00000000d6780000)
 ParOldGen       total 117248K, used 117147K [0x0000000080000000, 0x0000000087280000, 0x00000000d5580000)
  object space 117248K, 99% used [0x0000000080000000,0x0000000087266eb0,0x0000000087280000)
 Metaspace       used 71526K, committed 73152K, reserved 1179648K
  class space    used 7278K, committed 8064K, reserved 1048576K
}
Event: 18.893 GC heap after
{Heap after GC invocations=95 (full 3):
 PSYoungGen      total 16896K, used 1076K [0x00000000d5580000, 0x00000000d6780000, 0x0000000100000000)
  eden space 15360K, 0% used [0x00000000d5580000,0x00000000d5580000,0x00000000d6480000)
  from space 1536K, 70% used [0x00000000d6600000,0x00000000d670d220,0x00000000d6780000)
  to   space 1536K, 0% used [0x00000000d6480000,0x00000000d6480000,0x00000000d6600000)
 ParOldGen       total 118272K, used 117912K [0x0000000080000000, 0x0000000087380000, 0x00000000d5580000)
  object space 118272K, 99% used [0x0000000080000000,0x0000000087326100,0x0000000087380000)
 Metaspace       used 71526K, committed 73152K, reserved 1179648K
  class space    used 7278K, committed 8064K, reserved 1048576K
}
Event: 18.956 GC heap before
{Heap before GC invocations=96 (full 3):
 PSYoungGen      total 16896K, used 16436K [0x00000000d5580000, 0x00000000d6780000, 0x0000000100000000)
  eden space 15360K, 100% used [0x00000000d5580000,0x00000000d6480000,0x00000000d6480000)
  from space 1536K, 70% used [0x00000000d6600000,0x00000000d670d220,0x00000000d6780000)
  to   space 1536K, 0% used [0x00000000d6480000,0x00000000d6480000,0x00000000d6600000)
 ParOldGen       total 118272K, used 117912K [0x0000000080000000, 0x0000000087380000, 0x00000000d5580000)
  object space 118272K, 99% used [0x0000000080000000,0x0000000087326100,0x0000000087380000)
 Metaspace       used 71538K, committed 73152K, reserved 1179648K
  class space    used 7278K, committed 8064K, reserved 1048576K
}
Event: 18.962 GC heap after
{Heap after GC invocations=96 (full 3):
 PSYoungGen      total 16896K, used 1529K [0x00000000d5580000, 0x00000000d6a80000, 0x0000000100000000)
  eden space 15360K, 0% used [0x00000000d5580000,0x00000000d5580000,0x00000000d6480000)
  from space 1536K, 99% used [0x00000000d6480000,0x00000000d65fe7d0,0x00000000d6600000)
  to   space 3072K, 0% used [0x00000000d6780000,0x00000000d6780000,0x00000000d6a80000)
 ParOldGen       total 119296K, used 118961K [0x0000000080000000, 0x0000000087480000, 0x00000000d5580000)
  object space 119296K, 99% used [0x0000000080000000,0x000000008742c770,0x0000000087480000)
 Metaspace       used 71538K, committed 73152K, reserved 1179648K
  class space    used 7278K, committed 8064K, reserved 1048576K
}
Event: 19.059 GC heap before
{Heap before GC invocations=97 (full 3):
 PSYoungGen      total 16896K, used 16889K [0x00000000d5580000, 0x00000000d6a80000, 0x0000000100000000)
  eden space 15360K, 100% used [0x00000000d5580000,0x00000000d6480000,0x00000000d6480000)
  from space 1536K, 99% used [0x00000000d6480000,0x00000000d65fe7d0,0x00000000d6600000)
  to   space 3072K, 0% used [0x00000000d6780000,0x00000000d6780000,0x00000000d6a80000)
 ParOldGen       total 119296K, used 118961K [0x0000000080000000, 0x0000000087480000, 0x00000000d5580000)
  object space 119296K, 99% used [0x0000000080000000,0x000000008742c770,0x0000000087480000)
 Metaspace       used 71546K, committed 73152K, reserved 1179648K
  class space    used 7278K, committed 8064K, reserved 1048576K
}
Event: 19.061 GC heap after
{Heap after GC invocations=97 (full 3):
 PSYoungGen      total 16896K, used 1284K [0x00000000d5580000, 0x00000000d6900000, 0x0000000100000000)
  eden space 15360K, 0% used [0x00000000d5580000,0x00000000d5580000,0x00000000d6480000)
  from space 1536K, 83% used [0x00000000d6780000,0x00000000d68c1230,0x00000000d6900000)
  to   space 2048K, 0% used [0x00000000d6500000,0x00000000d6500000,0x00000000d6700000)
 ParOldGen       total 120832K, used 120324K [0x0000000080000000, 0x0000000087600000, 0x00000000d5580000)
  object space 120832K, 99% used [0x0000000080000000,0x00000000875810d0,0x0000000087600000)
 Metaspace       used 71546K, committed 73152K, reserved 1179648K
  class space    used 7278K, committed 8064K, reserved 1048576K
}
Event: 19.169 GC heap before
{Heap before GC invocations=98 (full 3):
 PSYoungGen      total 16896K, used 16644K [0x00000000d5580000, 0x00000000d6900000, 0x0000000100000000)
  eden space 15360K, 100% used [0x00000000d5580000,0x00000000d6480000,0x00000000d6480000)
  from space 1536K, 83% used [0x00000000d6780000,0x00000000d68c1230,0x00000000d6900000)
  to   space 2048K, 0% used [0x00000000d6500000,0x00000000d6500000,0x00000000d6700000)
 ParOldGen       total 120832K, used 120324K [0x0000000080000000, 0x0000000087600000, 0x00000000d5580000)
  object space 120832K, 99% used [0x0000000080000000,0x00000000875810d0,0x0000000087600000)
 Metaspace       used 71591K, committed 73152K, reserved 1179648K
  class space    used 7278K, committed 8064K, reserved 1048576K
}
Event: 19.172 GC heap after
{Heap after GC invocations=98 (full 3):
 PSYoungGen      total 17408K, used 1716K [0x00000000d5580000, 0x00000000d6880000, 0x0000000100000000)
  eden space 15360K, 0% used [0x00000000d5580000,0x00000000d5580000,0x00000000d6480000)
  from space 2048K, 83% used [0x00000000d6500000,0x00000000d66ad310,0x00000000d6700000)
  to   space 1536K, 0% used [0x00000000d6700000,0x00000000d6700000,0x00000000d6880000)
 ParOldGen       total 121856K, used 121426K [0x0000000080000000, 0x0000000087700000, 0x00000000d5580000)
  object space 121856K, 99% used [0x0000000080000000,0x0000000087694b20,0x0000000087700000)
 Metaspace       used 71591K, committed 73152K, reserved 1179648K
  class space    used 7278K, committed 8064K, reserved 1048576K
}
Event: 19.226 GC heap before
{Heap before GC invocations=99 (full 3):
 PSYoungGen      total 17408K, used 17076K [0x00000000d5580000, 0x00000000d6880000, 0x0000000100000000)
  eden space 15360K, 100% used [0x00000000d5580000,0x00000000d6480000,0x00000000d6480000)
  from space 2048K, 83% used [0x00000000d6500000,0x00000000d66ad310,0x00000000d6700000)
  to   space 1536K, 0% used [0x00000000d6700000,0x00000000d6700000,0x00000000d6880000)
 ParOldGen       total 121856K, used 121426K [0x0000000080000000, 0x0000000087700000, 0x00000000d5580000)
  object space 121856K, 99% used [0x0000000080000000,0x0000000087694b20,0x0000000087700000)
 Metaspace       used 71592K, committed 73152K, reserved 1179648K
  class space    used 7278K, committed 8064K, reserved 1048576K
}
Event: 19.229 GC heap after
{Heap after GC invocations=99 (full 3):
 PSYoungGen      total 16896K, used 1056K [0x00000000d5580000, 0x00000000d6880000, 0x0000000100000000)
  eden space 15360K, 0% used [0x00000000d5580000,0x00000000d5580000,0x00000000d6480000)
  from space 1536K, 68% used [0x00000000d6700000,0x00000000d6808040,0x00000000d6880000)
  to   space 1536K, 0% used [0x00000000d6580000,0x00000000d6580000,0x00000000d6700000)
 ParOldGen       total 123392K, used 122986K [0x0000000080000000, 0x0000000087880000, 0x00000000d5580000)
  object space 123392K, 99% used [0x0000000080000000,0x000000008781aa48,0x0000000087880000)
 Metaspace       used 71592K, committed 73152K, reserved 1179648K
  class space    used 7278K, committed 8064K, reserved 1048576K
}
Event: 19.404 GC heap before
{Heap before GC invocations=100 (full 3):
 PSYoungGen      total 16896K, used 16416K [0x00000000d5580000, 0x00000000d6880000, 0x0000000100000000)
  eden space 15360K, 100% used [0x00000000d5580000,0x00000000d6480000,0x00000000d6480000)
  from space 1536K, 68% used [0x00000000d6700000,0x00000000d6808040,0x00000000d6880000)
  to   space 1536K, 0% used [0x00000000d6580000,0x00000000d6580000,0x00000000d6700000)
 ParOldGen       total 123392K, used 122986K [0x0000000080000000, 0x0000000087880000, 0x00000000d5580000)
  object space 123392K, 99% used [0x0000000080000000,0x000000008781aa48,0x0000000087880000)
 Metaspace       used 71628K, committed 73216K, reserved 1179648K
  class space    used 7278K, committed 8064K, reserved 1048576K
}
Event: 19.410 GC heap after
{Heap after GC invocations=100 (full 3):
 PSYoungGen      total 16896K, used 1505K [0x00000000d5580000, 0x00000000d6c80000, 0x0000000100000000)
  eden space 15360K, 0% used [0x00000000d5580000,0x00000000d5580000,0x00000000d6480000)
  from space 1536K, 98% used [0x00000000d6580000,0x00000000d66f8580,0x00000000d6700000)
  to   space 4096K, 0% used [0x00000000d6880000,0x00000000d6880000,0x00000000d6c80000)
 ParOldGen       total 124928K, used 124696K [0x0000000080000000, 0x0000000087a00000, 0x00000000d5580000)
  object space 124928K, 99% used [0x0000000080000000,0x00000000879c6270,0x0000000087a00000)
 Metaspace       used 71628K, committed 73216K, reserved 1179648K
  class space    used 7278K, committed 8064K, reserved 1048576K
}

