# JRE version: OpenJDK Runtime Environment Temurin-21.0.9+10 (21.0.9+10) (build 21.0.9+10-LTS)
# Java VM: OpenJDK 64-Bit Server VM Temurin-21.0.9+10 (21.0.9+10-LTS, mixed mode, sharing, tiered, compressed oops, compressed class ptrs, parallel gc, windows-amd64)
GC Precious Log:
 CardTable entry size: 512
 CPUs: 8 total, 8 available
 Memory: 7901M
 Large Page Support: Disabled
 NUMA Support: Disabled
 Compressed Oops: Enabled (32-bit)
 Alignments: Space 512K, Generation 512K, Heap 2M
 Heap Min Capacity: 100M
 Heap Initial Capacity: 100M
 Heap Max Capacity: 2G
 Pre-touch: Disabled
 Parallel Workers: 8
Heap:
 PSYoungGen      total 5632K, used 1735K [0x00000000d5580000, 0x00000000d5c00000, 0x0000000100000000)
  eden space 5120K, 30% used [0x00000000d5580000,0x00000000d5709fa8,0x00000000d5a80000)
  from space 512K, 31% used [0x00000000d5b00000,0x00000000d5b28000,0x00000000d5b80000)
  to   space 512K, 0% used [0x00000000d5b80000,0x00000000d5b80000,0x00000000d5c00000)
 ParOldGen       total 689152K, used 689036K [0x0000000080000000, 0x00000000aa100000, 0x00000000d5580000)
  object space 689152K, 99% used [0x0000000080000000,0x00000000aa0e3088,0x00000000aa100000)
 Metaspace       used 91875K, committed 93568K, reserved 1179648K
  class space    used 9078K, committed 9920K, reserved 1048576K
GC Heap History (20 events):
Event: 313393.857 GC heap before
{Heap before GC invocations=3267 (full 9):
 PSYoungGen      total 6144K, used 5850K [0x00000000d5580000, 0x00000000d5c80000, 0x0000000100000000)
  eden space 5120K, 100% used [0x00000000d5580000,0x00000000d5a80000,0x00000000d5a80000)
  from space 1024K, 71% used [0x00000000d5a80000,0x00000000d5b36920,0x00000000d5b80000)
  to   space 1024K, 0% used [0x00000000d5b80000,0x00000000d5b80000,0x00000000d5c80000)
 ParOldGen       total 685056K, used 684841K [0x0000000080000000, 0x00000000a9d00000, 0x00000000d5580000)
  object space 685056K, 99% used [0x0000000080000000,0x00000000a9cca718,0x00000000a9d00000)
 Metaspace       used 91863K, committed 93568K, reserved 1179648K
  class space    used 9078K, committed 9920K, reserved 1048576K
}
Event: 313393.861 GC heap after
{Heap after GC invocations=3267 (full 9):
 PSYoungGen      total 6144K, used 436K [0x00000000d5580000, 0x00000000d5c80000, 0x0000000100000000)
  eden space 5120K, 0% used [0x00000000d5580000,0x00000000d5580000,0x00000000d5a80000)
  from space 1024K, 42% used [0x00000000d5b80000,0x00000000d5bed200,0x00000000d5c80000)
  to   space 1024K, 0% used [0x00000000d5a80000,0x00000000d5a80000,0x00000000d5b80000)
 ParOldGen       total 685568K, used 685454K [0x0000000080000000, 0x00000000a9d80000, 0x00000000d5580000)
  object space 685568K, 99% used [0x0000000080000000,0x00000000a9d63938,0x00000000a9d80000)
 Metaspace       used 91863K, committed 93568K, reserved 1179648K
  class space    used 9078K, committed 9920K, reserved 1048576K
}
Event: 313393.870 GC heap before
{Heap before GC invocations=3268 (full 9):
 PSYoungGen      total 6144K, used 5556K [0x00000000d5580000, 0x00000000d5c80000, 0x0000000100000000)
  eden space 5120K, 100% used [0x00000000d5580000,0x00000000d5a80000,0x00000000d5a80000)
  from space 1024K, 42% used [0x00000000d5b80000,0x00000000d5bed200,0x00000000d5c80000)
  to   space 1024K, 0% used [0x00000000d5a80000,0x00000000d5a80000,0x00000000d5b80000)
 ParOldGen       total 685568K, used 685454K [0x0000000080000000, 0x00000000a9d80000, 0x00000000d5580000)
  object space 685568K, 99% used [0x0000000080000000,0x00000000a9d63938,0x00000000a9d80000)
 Metaspace       used 91863K, committed 93568K, reserved 1179648K
  class space    used 9078K, committed 9920K, reserved 1048576K
}
Event: 313393.875 GC heap after
{Heap after GC invocations=3268 (full 9):
 PSYoungGen      total 6144K, used 592K [0x00000000d5580000, 0x00000000d5c80000, 0x0000000100000000)
  eden space 5120K, 0% used [0x00000000d5580000,0x00000000d5580000,0x00000000d5a80000)
  from space 1024K, 57% used [0x00000000d5a80000,0x00000000d5b14010,0x00000000d5b80000)
  to   space 1024K, 0% used [0x00000000d5b80000,0x00000000d5b80000,0x00000000d5c80000)
 ParOldGen       total 686080K, used 685766K [0x0000000080000000, 0x00000000a9e00000, 0x00000000d5580000)
  object space 686080K, 99% used [0x0000000080000000,0x00000000a9db1b58,0x00000000a9e00000)
 Metaspace       used 91863K, committed 93568K, reserved 1179648K
  class space    used 9078K, committed 9920K, reserved 1048576K
}
Event: 313393.897 GC heap before
{Heap before GC invocations=3269 (full 9):
 PSYoungGen      total 6144K, used 5712K [0x00000000d5580000, 0x00000000d5c80000, 0x0000000100000000)
  eden space 5120K, 100% used [0x00000000d5580000,0x00000000d5a80000,0x00000000d5a80000)
  from space 1024K, 57% used [0x00000000d5a80000,0x00000000d5b14010,0x00000000d5b80000)
  to   space 1024K, 0% used [0x00000000d5b80000,0x00000000d5b80000,0x00000000d5c80000)
 ParOldGen       total 686080K, used 685766K [0x0000000080000000, 0x00000000a9e00000, 0x00000000d5580000)
  object space 686080K, 99% used [0x0000000080000000,0x00000000a9db1b58,0x00000000a9e00000)
 Metaspace       used 91863K, committed 93568K, reserved 1179648K
  class space    used 9078K, committed 9920K, reserved 1048576K
}
Event: 313393.901 GC heap after
{Heap after GC invocations=3269 (full 9):
 PSYoungGen      total 6144K, used 864K [0x00000000d5580000, 0x00000000d5c80000, 0x0000000100000000)
  eden space 5120K, 0% used [0x00000000d5580000,0x00000000d5580000,0x00000000d5a80000)
  from space 1024K, 84% used [0x00000000d5b80000,0x00000000d5c58000,0x00000000d5c80000)
  to   space 1024K, 0% used [0x00000000d5a80000,0x00000000d5a80000,0x00000000d5b80000)
 ParOldGen       total 686592K, used 686270K [0x0000000080000000, 0x00000000a9e80000, 0x00000000d5580000)
  object space 686592K, 99% used [0x0000000080000000,0x00000000a9e2fb78,0x00000000a9e80000)
 Metaspace       used 91863K, committed 93568K, reserved 1179648K
  class space    used 9078K, committed 9920K, reserved 1048576K
}
Event: 313394.327 GC heap before
{Heap before GC invocations=3270 (full 9):
 PSYoungGen      total 6144K, used 5984K [0x00000000d5580000, 0x00000000d5c80000, 0x0000000100000000)
  eden space 5120K, 100% used [0x00000000d5580000,0x00000000d5a80000,0x00000000d5a80000)
  from space 1024K, 84% used [0x00000000d5b80000,0x00000000d5c58000,0x00000000d5c80000)
  to   space 1024K, 0% used [0x00000000d5a80000,0x00000000d5a80000,0x00000000d5b80000)
 ParOldGen       total 686592K, used 686270K [0x0000000080000000, 0x00000000a9e80000, 0x00000000d5580000)
  object space 686592K, 99% used [0x0000000080000000,0x00000000a9e2fb78,0x00000000a9e80000)
 Metaspace       used 91863K, committed 93568K, reserved 1179648K
  class space    used 9078K, committed 9920K, reserved 1048576K
}
Event: 313394.332 GC heap after
{Heap after GC invocations=3270 (full 9):
 PSYoungGen      total 6144K, used 644K [0x00000000d5580000, 0x00000000d5c80000, 0x0000000100000000)
  eden space 5120K, 0% used [0x00000000d5580000,0x00000000d5580000,0x00000000d5a80000)
  from space 1024K, 62% used [0x00000000d5a80000,0x00000000d5b21210,0x00000000d5b80000)
  to   space 1024K, 0% used [0x00000000d5b80000,0x00000000d5b80000,0x00000000d5c80000)
 ParOldGen       total 687104K, used 686981K [0x0000000080000000, 0x00000000a9f00000, 0x00000000d5580000)
  object space 687104K, 99% used [0x0000000080000000,0x00000000a9ee1548,0x00000000a9f00000)
 Metaspace       used 91863K, committed 93568K, reserved 1179648K
  class space    used 9078K, committed 9920K, reserved 1048576K
}
Event: 313394.371 GC heap before
{Heap before GC invocations=3271 (full 9):
 PSYoungGen      total 6144K, used 5764K [0x00000000d5580000, 0x00000000d5c80000, 0x0000000100000000)
  eden space 5120K, 100% used [0x00000000d5580000,0x00000000d5a80000,0x00000000d5a80000)
  from space 1024K, 62% used [0x00000000d5a80000,0x00000000d5b21210,0x00000000d5b80000)
  to   space 1024K, 0% used [0x00000000d5b80000,0x00000000d5b80000,0x00000000d5c80000)
 ParOldGen       total 687104K, used 686981K [0x0000000080000000, 0x00000000a9f00000, 0x00000000d5580000)
  object space 687104K, 99% used [0x0000000080000000,0x00000000a9ee1548,0x00000000a9f00000)
 Metaspace       used 91863K, committed 93568K, reserved 1179648K
  class space    used 9078K, committed 9920K, reserved 1048576K
}
Event: 313394.377 GC heap after
{Heap after GC invocations=3271 (full 9):
 PSYoungGen      total 6144K, used 660K [0x00000000d5580000, 0x00000000d5c80000, 0x0000000100000000)
  eden space 5120K, 0% used [0x00000000d5580000,0x00000000d5580000,0x00000000d5a80000)
  from space 1024K, 64% used [0x00000000d5b80000,0x00000000d5c25200,0x00000000d5c80000)
  to   space 1024K, 0% used [0x00000000d5a80000,0x00000000d5a80000,0x00000000d5b80000)
 ParOldGen       total 687616K, used 687505K [0x0000000080000000, 0x00000000a9f80000, 0x00000000d5580000)
  object space 687616K, 99% used [0x0000000080000000,0x00000000a9f64778,0x00000000a9f80000)
 Metaspace       used 91863K, committed 93568K, reserved 1179648K
  class space    used 9078K, committed 9920K, reserved 1048576K
}
Event: 313395.499 GC heap before
{Heap before GC invocations=3272 (full 9):
 PSYoungGen      total 6144K, used 5780K [0x00000000d5580000, 0x00000000d5c80000, 0x0000000100000000)
  eden space 5120K, 100% used [0x00000000d5580000,0x00000000d5a80000,0x00000000d5a80000)
  from space 1024K, 64% used [0x00000000d5b80000,0x00000000d5c25200,0x00000000d5c80000)
  to   space 1024K, 0% used [0x00000000d5a80000,0x00000000d5a80000,0x00000000d5b80000)
 ParOldGen       total 687616K, used 687505K [0x0000000080000000, 0x00000000a9f80000, 0x00000000d5580000)
  object space 687616K, 99% used [0x0000000080000000,0x00000000a9f64778,0x00000000a9f80000)
 Metaspace       used 91863K, committed 93568K, reserved 1179648K
  class space    used 9078K, committed 9920K, reserved 1048576K
}
Event: 313395.502 GC heap after
{Heap after GC invocations=3272 (full 9):
 PSYoungGen      total 6144K, used 752K [0x00000000d5580000, 0x00000000d5c80000, 0x0000000100000000)
  eden space 5120K, 0% used [0x00000000d5580000,0x00000000d5580000,0x00000000d5a80000)
  from space 1024K, 73% used [0x00000000d5a80000,0x00000000d5b3c010,0x00000000d5b80000)
  to   space 1024K, 0% used [0x00000000d5b80000,0x00000000d5b80000,0x00000000d5c80000)
 ParOldGen       total 688128K, used 688086K [0x0000000080000000, 0x00000000aa000000, 0x00000000d5580000)
  object space 688128K, 99% used [0x0000000080000000,0x00000000a9ff5928,0x00000000aa000000)
 Metaspace       used 91863K, committed 93568K, reserved 1179648K
  class space    used 9078K, committed 9920K, reserved 1048576K
}
Event: 324065.251 GC heap before
{Heap before GC invocations=3273 (full 9):
 PSYoungGen      total 6144K, used 5872K [0x00000000d5580000, 0x00000000d5c80000, 0x0000000100000000)
  eden space 5120K, 100% used [0x00000000d5580000,0x00000000d5a80000,0x00000000d5a80000)
  from space 1024K, 73% used [0x00000000d5a80000,0x00000000d5b3c010,0x00000000d5b80000)
  to   space 1024K, 0% used [0x00000000d5b80000,0x00000000d5b80000,0x00000000d5c80000)
 ParOldGen       total 688128K, used 688086K [0x0000000080000000, 0x00000000aa000000, 0x00000000d5580000)
  object space 688128K, 99% used [0x0000000080000000,0x00000000a9ff5928,0x00000000aa000000)
 Metaspace       used 91863K, committed 93568K, reserved 1179648K
  class space    used 9078K, committed 9920K, reserved 1048576K
}
Event: 324065.421 GC heap after
{Heap after GC invocations=3273 (full 9):
 PSYoungGen      total 5632K, used 256K [0x00000000d5580000, 0x00000000d5c00000, 0x0000000100000000)
  eden space 5120K, 0% used [0x00000000d5580000,0x00000000d5580000,0x00000000d5a80000)
  from space 512K, 50% used [0x00000000d5b80000,0x00000000d5bc0000,0x00000000d5c00000)
  to   space 512K, 0% used [0x00000000d5b00000,0x00000000d5b00000,0x00000000d5b80000)
 ParOldGen       total 689152K, used 688820K [0x0000000080000000, 0x00000000aa100000, 0x00000000d5580000)
  object space 689152K, 99% used [0x0000000080000000,0x00000000aa0ad068,0x00000000aa100000)
 Metaspace       used 91863K, committed 93568K, reserved 1179648K
  class space    used 9078K, committed 9920K, reserved 1048576K
}
Event: 324065.551 GC heap before
{Heap before GC invocations=3274 (full 9):
 PSYoungGen      total 5632K, used 5376K [0x00000000d5580000, 0x00000000d5c00000, 0x0000000100000000)
  eden space 5120K, 100% used [0x00000000d5580000,0x00000000d5a80000,0x00000000d5a80000)
  from space 512K, 50% used [0x00000000d5b80000,0x00000000d5bc0000,0x00000000d5c00000)
  to   space 512K, 0% used [0x00000000d5b00000,0x00000000d5b00000,0x00000000d5b80000)
 ParOldGen       total 689152K, used 688820K [0x0000000080000000, 0x00000000aa100000, 0x00000000d5580000)
  object space 689152K, 99% used [0x0000000080000000,0x00000000aa0ad068,0x00000000aa100000)
 Metaspace       used 91864K, committed 93568K, reserved 1179648K
  class space    used 9078K, committed 9920K, reserved 1048576K
}
Event: 324065.558 GC heap after
{Heap after GC invocations=3274 (full 9):
 PSYoungGen      total 5632K, used 320K [0x00000000d5580000, 0x00000000d5c00000, 0x0000000100000000)
  eden space 5120K, 0% used [0x00000000d5580000,0x00000000d5580000,0x00000000d5a80000)
  from space 512K, 62% used [0x00000000d5b00000,0x00000000d5b50020,0x00000000d5b80000)
  to   space 512K, 0% used [0x00000000d5b80000,0x00000000d5b80000,0x00000000d5c00000)
 ParOldGen       total 689152K, used 688876K [0x0000000080000000, 0x00000000aa100000, 0x00000000d5580000)
  object space 689152K, 99% used [0x0000000080000000,0x00000000aa0bb068,0x00000000aa100000)
 Metaspace       used 91864K, committed 93568K, reserved 1179648K
  class space    used 9078K, committed 9920K, reserved 1048576K
}
Event: 324075.968 GC heap before
{Heap before GC invocations=3275 (full 9):
 PSYoungGen      total 5632K, used 5440K [0x00000000d5580000, 0x00000000d5c00000, 0x0000000100000000)
  eden space 5120K, 100% used [0x00000000d5580000,0x00000000d5a80000,0x00000000d5a80000)
  from space 512K, 62% used [0x00000000d5b00000,0x00000000d5b50020,0x00000000d5b80000)
  to   space 512K, 0% used [0x00000000d5b80000,0x00000000d5b80000,0x00000000d5c00000)
 ParOldGen       total 689152K, used 688876K [0x0000000080000000, 0x00000000aa100000, 0x00000000d5580000)
  object space 689152K, 99% used [0x0000000080000000,0x00000000aa0bb068,0x00000000aa100000)
 Metaspace       used 91864K, committed 93568K, reserved 1179648K
  class space    used 9078K, committed 9920K, reserved 1048576K
}
Event: 324075.975 GC heap after
{Heap after GC invocations=3275 (full 9):
 PSYoungGen      total 5632K, used 192K [0x00000000d5580000, 0x00000000d5c00000, 0x0000000100000000)
  eden space 5120K, 0% used [0x00000000d5580000,0x00000000d5580000,0x00000000d5a80000)
  from space 512K, 37% used [0x00000000d5b80000,0x00000000d5bb0000,0x00000000d5c00000)
  to   space 512K, 0% used [0x00000000d5b00000,0x00000000d5b00000,0x00000000d5b80000)
 ParOldGen       total 689152K, used 688996K [0x0000000080000000, 0x00000000aa100000, 0x00000000d5580000)
  object space 689152K, 99% used [0x0000000080000000,0x00000000aa0d9088,0x00000000aa100000)
 Metaspace       used 91864K, committed 93568K, reserved 1179648K
  class space    used 9078K, committed 9920K, reserved 1048576K
}
Event: 340346.107 GC heap before
{Heap before GC invocations=3276 (full 9):
 PSYoungGen      total 5632K, used 5312K [0x00000000d5580000, 0x00000000d5c00000, 0x0000000100000000)
  eden space 5120K, 100% used [0x00000000d5580000,0x00000000d5a80000,0x00000000d5a80000)
  from space 512K, 37% used [0x00000000d5b80000,0x00000000d5bb0000,0x00000000d5c00000)
  to   space 512K, 0% used [0x00000000d5b00000,0x00000000d5b00000,0x00000000d5b80000)
 ParOldGen       total 689152K, used 688996K [0x0000000080000000, 0x00000000aa100000, 0x00000000d5580000)
  object space 689152K, 99% used [0x0000000080000000,0x00000000aa0d9088,0x00000000aa100000)
 Metaspace       used 91868K, committed 93568K, reserved 1179648K
  class space    used 9078K, committed 9920K, reserved 1048576K
}
Event: 340346.232 GC heap after
{Heap after GC invocations=3276 (full 9):
 PSYoungGen      total 5632K, used 160K [0x00000000d5580000, 0x00000000d5c00000, 0x0000000100000000)
  eden space 5120K, 0% used [0x00000000d5580000,0x00000000d5580000,0x00000000d5a80000)
  from space 512K, 31% used [0x00000000d5b00000,0x00000000d5b28000,0x00000000d5b80000)
  to   space 512K, 0% used [0x00000000d5b80000,0x00000000d5b80000,0x00000000d5c00000)
 ParOldGen       total 689152K, used 689036K [0x0000000080000000, 0x00000000aa100000, 0x00000000d5580000)
  object space 689152K, 99% used [0x0000000080000000,0x00000000aa0e3088,0x00000000aa100000)
 Metaspace       used 91868K, committed 93568K, reserved 1179648K
  class space    used 9078K, committed 9920K, reserved 1048576K
}

