# JRE version: OpenJDK Runtime Environment Temurin-21.0.9+10 (21.0.9+10) (build 21.0.9+10-LTS)
# Java VM: OpenJDK 64-Bit Server VM Temurin-21.0.9+10 (21.0.9+10-LTS, mixed mode, sharing, tiered, compressed oops, compressed class ptrs, parallel gc, windows-amd64)
GC Precious Log:
 CardTable entry size: 512
 CPUs: 8 total, 8 available
 Memory: 7901M
 Large Page Support: Disabled
 NUMA Support: Disabled
 Compressed Oops: Enabled (32-bit)
 Alignments: Space 512K, Generation 512K, Heap 2M
 Heap Min Capacity: 100M
 Heap Initial Capacity: 100M
 Heap Max Capacity: 2G
 Pre-touch: Disabled
 Parallel Workers: 8
Heap:
 PSYoungGen      total 18432K, used 10116K [0x00000000d5580000, 0x00000000d6980000, 0x0000000100000000)
  eden space 15872K, 53% used [0x00000000d5580000,0x00000000d5dd6b70,0x00000000d6500000)
  from space 2560K, 65% used [0x00000000d6500000,0x00000000d66a0050,0x00000000d6780000)
  to   space 2048K, 0% used [0x00000000d6780000,0x00000000d6780000,0x00000000d6980000)
 ParOldGen       total 68608K, used 37069K [0x0000000080000000, 0x0000000084300000, 0x00000000d5580000)
  object space 68608K, 54% used [0x0000000080000000,0x0000000082433760,0x0000000084300000)
 Metaspace       used 49047K, committed 50432K, reserved 1114112K
  class space    used 5325K, committed 5952K, reserved 1048576K
GC Heap History (20 events):
Event: 9.463 GC heap before
{Heap before GC invocations=15 (full 2):
 PSYoungGen      total 25088K, used 416K [0x00000000d5580000, 0x00000000d7100000, 0x0000000100000000)
  eden space 22016K, 0% used [0x00000000d5580000,0x00000000d5580000,0x00000000d6b00000)
  from space 3072K, 13% used [0x00000000d6c80000,0x00000000d6ce8000,0x00000000d6f80000)
  to   space 1536K, 0% used [0x00000000d6f80000,0x00000000d6f80000,0x00000000d7100000)
 ParOldGen       total 68608K, used 20766K [0x0000000080000000, 0x0000000084300000, 0x00000000d5580000)
  object space 68608K, 30% used [0x0000000080000000,0x0000000081447b68,0x0000000084300000)
 Metaspace       used 34667K, committed 35840K, reserved 1114112K
  class space    used 3561K, committed 4032K, reserved 1048576K
}
Event: 9.512 GC heap after
{Heap after GC invocations=15 (full 2):
 PSYoungGen      total 25088K, used 0K [0x00000000d5580000, 0x00000000d7100000, 0x0000000100000000)
  eden space 22016K, 0% used [0x00000000d5580000,0x00000000d5580000,0x00000000d6b00000)
  from space 3072K, 0% used [0x00000000d6c80000,0x00000000d6c80000,0x00000000d6f80000)
  to   space 1536K, 0% used [0x00000000d6f80000,0x00000000d6f80000,0x00000000d7100000)
 ParOldGen       total 68608K, used 20156K [0x0000000080000000, 0x0000000084300000, 0x00000000d5580000)
  object space 68608K, 29% used [0x0000000080000000,0x00000000813af100,0x0000000084300000)
 Metaspace       used 34667K, committed 35840K, reserved 1114112K
  class space    used 3561K, committed 4032K, reserved 1048576K
}
Event: 9.850 GC heap before
{Heap before GC invocations=16 (full 2):
 PSYoungGen      total 25088K, used 22016K [0x00000000d5580000, 0x00000000d7100000, 0x0000000100000000)
  eden space 22016K, 100% used [0x00000000d5580000,0x00000000d6b00000,0x00000000d6b00000)
  from space 3072K, 0% used [0x00000000d6c80000,0x00000000d6c80000,0x00000000d6f80000)
  to   space 1536K, 0% used [0x00000000d6f80000,0x00000000d6f80000,0x00000000d7100000)
 ParOldGen       total 68608K, used 20156K [0x0000000080000000, 0x0000000084300000, 0x00000000d5580000)
  object space 68608K, 29% used [0x0000000080000000,0x00000000813af100,0x0000000084300000)
 Metaspace       used 36807K, committed 38016K, reserved 1114112K
  class space    used 3872K, committed 4416K, reserved 1048576K
}
Event: 9.853 GC heap after
{Heap after GC invocations=16 (full 2):
 PSYoungGen      total 23552K, used 1272K [0x00000000d5580000, 0x00000000d7100000, 0x0000000100000000)
  eden space 22016K, 0% used [0x00000000d5580000,0x00000000d5580000,0x00000000d6b00000)
  from space 1536K, 82% used [0x00000000d6f80000,0x00000000d70be1f0,0x00000000d7100000)
  to   space 1536K, 0% used [0x00000000d6e00000,0x00000000d6e00000,0x00000000d6f80000)
 ParOldGen       total 68608K, used 20164K [0x0000000080000000, 0x0000000084300000, 0x00000000d5580000)
  object space 68608K, 29% used [0x0000000080000000,0x00000000813b1100,0x0000000084300000)
 Metaspace       used 36807K, committed 38016K, reserved 1114112K
  class space    used 3872K, committed 4416K, reserved 1048576K
}
Event: 10.129 GC heap before
{Heap before GC invocations=17 (full 2):
 PSYoungGen      total 23552K, used 23288K [0x00000000d5580000, 0x00000000d7100000, 0x0000000100000000)
  eden space 22016K, 100% used [0x00000000d5580000,0x00000000d6b00000,0x00000000d6b00000)
  from space 1536K, 82% used [0x00000000d6f80000,0x00000000d70be1f0,0x00000000d7100000)
  to   space 1536K, 0% used [0x00000000d6e00000,0x00000000d6e00000,0x00000000d6f80000)
 ParOldGen       total 68608K, used 20164K [0x0000000080000000, 0x0000000084300000, 0x00000000d5580000)
  object space 68608K, 29% used [0x0000000080000000,0x00000000813b1100,0x0000000084300000)
 Metaspace       used 38606K, committed 39872K, reserved 1114112K
  class space    used 4076K, committed 4672K, reserved 1048576K
}
Event: 10.132 GC heap after
{Heap after GC invocations=17 (full 2):
 PSYoungGen      total 23552K, used 1511K [0x00000000d5580000, 0x00000000d7100000, 0x0000000100000000)
  eden space 22016K, 0% used [0x00000000d5580000,0x00000000d5580000,0x00000000d6b00000)
  from space 1536K, 98% used [0x00000000d6e00000,0x00000000d6f79ea0,0x00000000d6f80000)
  to   space 1536K, 0% used [0x00000000d6f80000,0x00000000d6f80000,0x00000000d7100000)
 ParOldGen       total 68608K, used 21097K [0x0000000080000000, 0x0000000084300000, 0x00000000d5580000)
  object space 68608K, 30% used [0x0000000080000000,0x000000008149a668,0x0000000084300000)
 Metaspace       used 38606K, committed 39872K, reserved 1114112K
  class space    used 4076K, committed 4672K, reserved 1048576K
}
Event: 10.350 GC heap before
{Heap before GC invocations=18 (full 2):
 PSYoungGen      total 23552K, used 23527K [0x00000000d5580000, 0x00000000d7100000, 0x0000000100000000)
  eden space 22016K, 100% used [0x00000000d5580000,0x00000000d6b00000,0x00000000d6b00000)
  from space 1536K, 98% used [0x00000000d6e00000,0x00000000d6f79ea0,0x00000000d6f80000)
  to   space 1536K, 0% used [0x00000000d6f80000,0x00000000d6f80000,0x00000000d7100000)
 ParOldGen       total 68608K, used 21097K [0x0000000080000000, 0x0000000084300000, 0x00000000d5580000)
  object space 68608K, 30% used [0x0000000080000000,0x000000008149a668,0x0000000084300000)
 Metaspace       used 39190K, committed 40448K, reserved 1114112K
  class space    used 4149K, committed 4736K, reserved 1048576K
}
Event: 10.358 GC heap after
{Heap after GC invocations=18 (full 2):
 PSYoungGen      total 17408K, used 1528K [0x00000000d5580000, 0x00000000d8000000, 0x0000000100000000)
  eden space 15872K, 0% used [0x00000000d5580000,0x00000000d5580000,0x00000000d6500000)
  from space 1536K, 99% used [0x00000000d6f80000,0x00000000d70fe1a8,0x00000000d7100000)
  to   space 10752K, 0% used [0x00000000d6500000,0x00000000d6500000,0x00000000d6f80000)
 ParOldGen       total 68608K, used 28662K [0x0000000080000000, 0x0000000084300000, 0x00000000d5580000)
  object space 68608K, 41% used [0x0000000080000000,0x0000000081bfd9a0,0x0000000084300000)
 Metaspace       used 39190K, committed 40448K, reserved 1114112K
  class space    used 4149K, committed 4736K, reserved 1048576K
}
Event: 10.726 GC heap before
{Heap before GC invocations=19 (full 2):
 PSYoungGen      total 17408K, used 17400K [0x00000000d5580000, 0x00000000d8000000, 0x0000000100000000)
  eden space 15872K, 100% used [0x00000000d5580000,0x00000000d6500000,0x00000000d6500000)
  from space 1536K, 99% used [0x00000000d6f80000,0x00000000d70fe1a8,0x00000000d7100000)
  to   space 10752K, 0% used [0x00000000d6500000,0x00000000d6500000,0x00000000d6f80000)
 ParOldGen       total 68608K, used 28662K [0x0000000080000000, 0x0000000084300000, 0x00000000d5580000)
  object space 68608K, 41% used [0x0000000080000000,0x0000000081bfd9a0,0x0000000084300000)
 Metaspace       used 40341K, committed 41536K, reserved 1114112K
  class space    used 4306K, committed 4864K, reserved 1048576K
}
Event: 10.732 GC heap after
{Heap after GC invocations=19 (full 2):
 PSYoungGen      total 18944K, used 2961K [0x00000000d5580000, 0x00000000d7000000, 0x0000000100000000)
  eden space 15872K, 0% used [0x00000000d5580000,0x00000000d5580000,0x00000000d6500000)
  from space 3072K, 96% used [0x00000000d6500000,0x00000000d67e47c8,0x00000000d6800000)
  to   space 5632K, 0% used [0x00000000d6a80000,0x00000000d6a80000,0x00000000d7000000)
 ParOldGen       total 68608K, used 30142K [0x0000000080000000, 0x0000000084300000, 0x00000000d5580000)
  object space 68608K, 43% used [0x0000000080000000,0x0000000081d6f850,0x0000000084300000)
 Metaspace       used 40341K, committed 41536K, reserved 1114112K
  class space    used 4306K, committed 4864K, reserved 1048576K
}
Event: 11.056 GC heap before
{Heap before GC invocations=20 (full 2):
 PSYoungGen      total 18944K, used 18833K [0x00000000d5580000, 0x00000000d7000000, 0x0000000100000000)
  eden space 15872K, 100% used [0x00000000d5580000,0x00000000d6500000,0x00000000d6500000)
  from space 3072K, 96% used [0x00000000d6500000,0x00000000d67e47c8,0x00000000d6800000)
  to   space 5632K, 0% used [0x00000000d6a80000,0x00000000d6a80000,0x00000000d7000000)
 ParOldGen       total 68608K, used 30142K [0x0000000080000000, 0x0000000084300000, 0x00000000d5580000)
  object space 68608K, 43% used [0x0000000080000000,0x0000000081d6f850,0x0000000084300000)
 Metaspace       used 42142K, committed 43392K, reserved 1114112K
  class space    used 4528K, committed 5120K, reserved 1048576K
}
Event: 11.061 GC heap after
{Heap after GC invocations=20 (full 2):
 PSYoungGen      total 16896K, used 704K [0x00000000d5580000, 0x00000000d6b80000, 0x0000000100000000)
  eden space 15872K, 0% used [0x00000000d5580000,0x00000000d5580000,0x00000000d6500000)
  from space 1024K, 68% used [0x00000000d6a80000,0x00000000d6b30000,0x00000000d6b80000)
  to   space 2048K, 0% used [0x00000000d6780000,0x00000000d6780000,0x00000000d6980000)
 ParOldGen       total 68608K, used 32977K [0x0000000080000000, 0x0000000084300000, 0x00000000d5580000)
  object space 68608K, 48% used [0x0000000080000000,0x0000000082034500,0x0000000084300000)
 Metaspace       used 42142K, committed 43392K, reserved 1114112K
  class space    used 4528K, committed 5120K, reserved 1048576K
}
Event: 11.498 GC heap before
{Heap before GC invocations=21 (full 2):
 PSYoungGen      total 16896K, used 16576K [0x00000000d5580000, 0x00000000d6b80000, 0x0000000100000000)
  eden space 15872K, 100% used [0x00000000d5580000,0x00000000d6500000,0x00000000d6500000)
  from space 1024K, 68% used [0x00000000d6a80000,0x00000000d6b30000,0x00000000d6b80000)
  to   space 2048K, 0% used [0x00000000d6780000,0x00000000d6780000,0x00000000d6980000)
 ParOldGen       total 68608K, used 32977K [0x0000000080000000, 0x0000000084300000, 0x00000000d5580000)
  object space 68608K, 48% used [0x0000000080000000,0x0000000082034500,0x0000000084300000)
 Metaspace       used 43967K, committed 45248K, reserved 1114112K
  class space    used 4775K, committed 5376K, reserved 1048576K
}
Event: 11.500 GC heap after
{Heap after GC invocations=21 (full 2):
 PSYoungGen      total 17920K, used 1152K [0x00000000d5580000, 0x00000000d6b00000, 0x0000000100000000)
  eden space 15872K, 0% used [0x00000000d5580000,0x00000000d5580000,0x00000000d6500000)
  from space 2048K, 56% used [0x00000000d6780000,0x00000000d68a0000,0x00000000d6980000)
  to   space 1536K, 0% used [0x00000000d6980000,0x00000000d6980000,0x00000000d6b00000)
 ParOldGen       total 68608K, used 33528K [0x0000000080000000, 0x0000000084300000, 0x00000000d5580000)
  object space 68608K, 48% used [0x0000000080000000,0x00000000820be200,0x0000000084300000)
 Metaspace       used 43967K, committed 45248K, reserved 1114112K
  class space    used 4775K, committed 5376K, reserved 1048576K
}
Event: 12.027 GC heap before
{Heap before GC invocations=22 (full 2):
 PSYoungGen      total 17920K, used 17024K [0x00000000d5580000, 0x00000000d6b00000, 0x0000000100000000)
  eden space 15872K, 100% used [0x00000000d5580000,0x00000000d6500000,0x00000000d6500000)
  from space 2048K, 56% used [0x00000000d6780000,0x00000000d68a0000,0x00000000d6980000)
  to   space 1536K, 0% used [0x00000000d6980000,0x00000000d6980000,0x00000000d6b00000)
 ParOldGen       total 68608K, used 33528K [0x0000000080000000, 0x0000000084300000, 0x00000000d5580000)
  object space 68608K, 48% used [0x0000000080000000,0x00000000820be200,0x0000000084300000)
 Metaspace       used 45550K, committed 46848K, reserved 1114112K
  class space    used 4973K, committed 5568K, reserved 1048576K
}
Event: 12.030 GC heap after
{Heap after GC invocations=22 (full 2):
 PSYoungGen      total 16896K, used 960K [0x00000000d5580000, 0x00000000d6a80000, 0x0000000100000000)
  eden space 15872K, 0% used [0x00000000d5580000,0x00000000d5580000,0x00000000d6500000)
  from space 1024K, 93% used [0x00000000d6980000,0x00000000d6a70000,0x00000000d6a80000)
  to   space 1536K, 0% used [0x00000000d6780000,0x00000000d6780000,0x00000000d6900000)
 ParOldGen       total 68608K, used 34532K [0x0000000080000000, 0x0000000084300000, 0x00000000d5580000)
  object space 68608K, 50% used [0x0000000080000000,0x00000000821b9210,0x0000000084300000)
 Metaspace       used 45550K, committed 46848K, reserved 1114112K
  class space    used 4973K, committed 5568K, reserved 1048576K
}
Event: 12.535 GC heap before
{Heap before GC invocations=23 (full 2):
 PSYoungGen      total 16896K, used 16831K [0x00000000d5580000, 0x00000000d6a80000, 0x0000000100000000)
  eden space 15872K, 99% used [0x00000000d5580000,0x00000000d64fffd8,0x00000000d6500000)
  from space 1024K, 93% used [0x00000000d6980000,0x00000000d6a70000,0x00000000d6a80000)
  to   space 1536K, 0% used [0x00000000d6780000,0x00000000d6780000,0x00000000d6900000)
 ParOldGen       total 68608K, used 34532K [0x0000000080000000, 0x0000000084300000, 0x00000000d5580000)
  object space 68608K, 50% used [0x0000000080000000,0x00000000821b9210,0x0000000084300000)
 Metaspace       used 46768K, committed 48064K, reserved 1114112K
  class space    used 5108K, committed 5696K, reserved 1048576K
}
Event: 12.537 GC heap after
{Heap after GC invocations=23 (full 2):
 PSYoungGen      total 17408K, used 811K [0x00000000d5580000, 0x00000000d6a00000, 0x0000000100000000)
  eden space 15872K, 0% used [0x00000000d5580000,0x00000000d5580000,0x00000000d6500000)
  from space 1536K, 52% used [0x00000000d6780000,0x00000000d684aea8,0x00000000d6900000)
  to   space 1024K, 0% used [0x00000000d6900000,0x00000000d6900000,0x00000000d6a00000)
 ParOldGen       total 68608K, used 35338K [0x0000000080000000, 0x0000000084300000, 0x00000000d5580000)
  object space 68608K, 51% used [0x0000000080000000,0x00000000822828c0,0x0000000084300000)
 Metaspace       used 46768K, committed 48064K, reserved 1114112K
  class space    used 5108K, committed 5696K, reserved 1048576K
}
Event: 13.727 GC heap before
{Heap before GC invocations=24 (full 2):
 PSYoungGen      total 17408K, used 16683K [0x00000000d5580000, 0x00000000d6a00000, 0x0000000100000000)
  eden space 15872K, 100% used [0x00000000d5580000,0x00000000d6500000,0x00000000d6500000)
  from space 1536K, 52% used [0x00000000d6780000,0x00000000d684aea8,0x00000000d6900000)
  to   space 1024K, 0% used [0x00000000d6900000,0x00000000d6900000,0x00000000d6a00000)
 ParOldGen       total 68608K, used 35338K [0x0000000080000000, 0x0000000084300000, 0x00000000d5580000)
  object space 68608K, 51% used [0x0000000080000000,0x00000000822828c0,0x0000000084300000)
 Metaspace       used 47577K, committed 48896K, reserved 1114112K
  class space    used 5192K, committed 5760K, reserved 1048576K
}
Event: 13.729 GC heap after
{Heap after GC invocations=24 (full 2):
 PSYoungGen      total 16896K, used 1017K [0x00000000d5580000, 0x00000000d6a00000, 0x0000000100000000)
  eden space 15872K, 0% used [0x00000000d5580000,0x00000000d5580000,0x00000000d6500000)
  from space 1024K, 99% used [0x00000000d6900000,0x00000000d69fe5a8,0x00000000d6a00000)
  to   space 2560K, 0% used [0x00000000d6500000,0x00000000d6500000,0x00000000d6780000)
 ParOldGen       total 68608K, used 36395K [0x0000000080000000, 0x0000000084300000, 0x00000000d5580000)
  object space 68608K, 53% used [0x0000000080000000,0x000000008238aea0,0x0000000084300000)
 Metaspace       used 47577K, committed 48896K, reserved 1114112K
  class space    used 5192K, committed 5760K, reserved 1048576K
}

