# JRE version: OpenJDK Runtime Environment Temurin-21.0.9+10 (21.0.9+10) (build 21.0.9+10-LTS)
# Java VM: OpenJDK 64-Bit Server VM Temurin-21.0.9+10 (21.0.9+10-LTS, mixed mode, sharing, tiered, compressed oops, compressed class ptrs, parallel gc, windows-amd64)
GC Precious Log:
 CardTable entry size: 512
 CPUs: 8 total, 8 available
 Memory: 7901M
 Large Page Support: Disabled
 NUMA Support: Disabled
 Compressed Oops: Enabled (32-bit)
 Alignments: Space 512K, Generation 512K, Heap 2M
 Heap Min Capacity: 100M
 Heap Initial Capacity: 100M
 Heap Max Capacity: 2G
 Pre-touch: Disabled
 Parallel Workers: 8
Heap:
 PSYoungGen      total 4608K, used 1938K [0x00000000d5580000, 0x00000000d5b00000, 0x0000000100000000)
  eden space 4096K, 37% used [0x00000000d5580000,0x00000000d5704a70,0x00000000d5980000)
  from space 512K, 75% used [0x00000000d5a00000,0x00000000d5a60000,0x00000000d5a80000)
  to   space 512K, 0% used [0x00000000d5a80000,0x00000000d5a80000,0x00000000d5b00000)
 ParOldGen       total 204288K, used 68176K [0x0000000080000000, 0x000000008c780000, 0x00000000d5580000)
  object space 204288K, 33% used [0x0000000080000000,0x00000000842943e8,0x000000008c780000)
 Metaspace       used 78092K, committed 79744K, reserved 1179648K
  class space    used 8000K, committed 8704K, reserved 1048576K
GC Heap History (20 events):
Event: 24.404 GC heap before
{Heap before GC invocations=256 (full 3):
 PSYoungGen      total 4608K, used 4024K [0x00000000d5580000, 0x00000000d5b00000, 0x0000000100000000)
  eden space 4096K, 87% used [0x00000000d5580000,0x00000000d58fe398,0x00000000d5980000)
  from space 512K, 87% used [0x00000000d5a80000,0x00000000d5af0000,0x00000000d5b00000)
  to   space 512K, 0% used [0x00000000d5a00000,0x00000000d5a00000,0x00000000d5a80000)
 ParOldGen       total 203776K, used 203587K [0x0000000080000000, 0x000000008c700000, 0x00000000d5580000)
  object space 203776K, 99% used [0x0000000080000000,0x000000008c6d0da8,0x000000008c700000)
 Metaspace       used 77648K, committed 79360K, reserved 1179648K
  class space    used 7966K, committed 8704K, reserved 1048576K
}
Event: 24.405 GC heap after
{Heap after GC invocations=256 (full 3):
 PSYoungGen      total 4608K, used 224K [0x00000000d5580000, 0x00000000d5b00000, 0x0000000100000000)
  eden space 4096K, 0% used [0x00000000d5580000,0x00000000d5580000,0x00000000d5980000)
  from space 512K, 43% used [0x00000000d5a00000,0x00000000d5a38000,0x00000000d5a80000)
  to   space 512K, 0% used [0x00000000d5a80000,0x00000000d5a80000,0x00000000d5b00000)
 ParOldGen       total 204288K, used 203939K [0x0000000080000000, 0x000000008c780000, 0x00000000d5580000)
  object space 204288K, 99% used [0x0000000080000000,0x000000008c728da8,0x000000008c780000)
 Metaspace       used 77648K, committed 79360K, reserved 1179648K
  class space    used 7966K, committed 8704K, reserved 1048576K
}
Event: 24.405 GC heap before
{Heap before GC invocations=257 (full 4):
 PSYoungGen      total 4608K, used 224K [0x00000000d5580000, 0x00000000d5b00000, 0x0000000100000000)
  eden space 4096K, 0% used [0x00000000d5580000,0x00000000d5580000,0x00000000d5980000)
  from space 512K, 43% used [0x00000000d5a00000,0x00000000d5a38000,0x00000000d5a80000)
  to   space 512K, 0% used [0x00000000d5a80000,0x00000000d5a80000,0x00000000d5b00000)
 ParOldGen       total 204288K, used 203939K [0x0000000080000000, 0x000000008c780000, 0x00000000d5580000)
  object space 204288K, 99% used [0x0000000080000000,0x000000008c728da8,0x000000008c780000)
 Metaspace       used 77648K, committed 79360K, reserved 1179648K
  class space    used 7966K, committed 8704K, reserved 1048576K
}
Event: 24.556 GC heap after
{Heap after GC invocations=257 (full 4):
 PSYoungGen      total 4608K, used 0K [0x00000000d5580000, 0x00000000d5b00000, 0x0000000100000000)
  eden space 4096K, 0% used [0x00000000d5580000,0x00000000d5580000,0x00000000d5980000)
  from space 512K, 0% used [0x00000000d5a00000,0x00000000d5a00000,0x00000000d5a80000)
  to   space 512K, 0% used [0x00000000d5a80000,0x00000000d5a80000,0x00000000d5b00000)
 ParOldGen       total 204288K, used 67389K [0x0000000080000000, 0x000000008c780000, 0x00000000d5580000)
  object space 204288K, 32% used [0x0000000080000000,0x00000000841cf510,0x000000008c780000)
 Metaspace       used 77642K, committed 79360K, reserved 1179648K
  class space    used 7964K, committed 8704K, reserved 1048576K
}
Event: 24.790 GC heap before
{Heap before GC invocations=258 (full 4):
 PSYoungGen      total 4608K, used 4095K [0x00000000d5580000, 0x00000000d5b00000, 0x0000000100000000)
  eden space 4096K, 99% used [0x00000000d5580000,0x00000000d597fff0,0x00000000d5980000)
  from space 512K, 0% used [0x00000000d5a00000,0x00000000d5a00000,0x00000000d5a80000)
  to   space 512K, 0% used [0x00000000d5a80000,0x00000000d5a80000,0x00000000d5b00000)
 ParOldGen       total 204288K, used 67389K [0x0000000080000000, 0x000000008c780000, 0x00000000d5580000)
  object space 204288K, 32% used [0x0000000080000000,0x00000000841cf510,0x000000008c780000)
 Metaspace       used 77648K, committed 79360K, reserved 1179648K
  class space    used 7965K, committed 8704K, reserved 1048576K
}
Event: 24.791 GC heap after
{Heap after GC invocations=258 (full 4):
 PSYoungGen      total 4608K, used 212K [0x00000000d5580000, 0x00000000d5b00000, 0x0000000100000000)
  eden space 4096K, 0% used [0x00000000d5580000,0x00000000d5580000,0x00000000d5980000)
  from space 512K, 41% used [0x00000000d5a80000,0x00000000d5ab5200,0x00000000d5b00000)
  to   space 512K, 0% used [0x00000000d5a00000,0x00000000d5a00000,0x00000000d5a80000)
 ParOldGen       total 204288K, used 67389K [0x0000000080000000, 0x000000008c780000, 0x00000000d5580000)
  object space 204288K, 32% used [0x0000000080000000,0x00000000841cf510,0x000000008c780000)
 Metaspace       used 77648K, committed 79360K, reserved 1179648K
  class space    used 7965K, committed 8704K, reserved 1048576K
}
Event: 24.810 GC heap before
{Heap before GC invocations=259 (full 4):
 PSYoungGen      total 4608K, used 4308K [0x00000000d5580000, 0x00000000d5b00000, 0x0000000100000000)
  eden space 4096K, 100% used [0x00000000d5580000,0x00000000d5980000,0x00000000d5980000)
  from space 512K, 41% used [0x00000000d5a80000,0x00000000d5ab5200,0x00000000d5b00000)
  to   space 512K, 0% used [0x00000000d5a00000,0x00000000d5a00000,0x00000000d5a80000)
 ParOldGen       total 204288K, used 67389K [0x0000000080000000, 0x000000008c780000, 0x00000000d5580000)
  object space 204288K, 32% used [0x0000000080000000,0x00000000841cf510,0x000000008c780000)
 Metaspace       used 77651K, committed 79360K, reserved 1179648K
  class space    used 7965K, committed 8704K, reserved 1048576K
}
Event: 24.811 GC heap after
{Heap after GC invocations=259 (full 4):
 PSYoungGen      total 4608K, used 224K [0x00000000d5580000, 0x00000000d5b00000, 0x0000000100000000)
  eden space 4096K, 0% used [0x00000000d5580000,0x00000000d5580000,0x00000000d5980000)
  from space 512K, 43% used [0x00000000d5a00000,0x00000000d5a38000,0x00000000d5a80000)
  to   space 512K, 0% used [0x00000000d5a80000,0x00000000d5a80000,0x00000000d5b00000)
 ParOldGen       total 204288K, used 67489K [0x0000000080000000, 0x000000008c780000, 0x00000000d5580000)
  object space 204288K, 33% used [0x0000000080000000,0x00000000841e8710,0x000000008c780000)
 Metaspace       used 77651K, committed 79360K, reserved 1179648K
  class space    used 7965K, committed 8704K, reserved 1048576K
}
Event: 24.835 GC heap before
{Heap before GC invocations=260 (full 4):
 PSYoungGen      total 4608K, used 4246K [0x00000000d5580000, 0x00000000d5b00000, 0x0000000100000000)
  eden space 4096K, 98% used [0x00000000d5580000,0x00000000d596d8c0,0x00000000d5980000)
  from space 512K, 43% used [0x00000000d5a00000,0x00000000d5a38000,0x00000000d5a80000)
  to   space 512K, 0% used [0x00000000d5a80000,0x00000000d5a80000,0x00000000d5b00000)
 ParOldGen       total 204288K, used 67489K [0x0000000080000000, 0x000000008c780000, 0x00000000d5580000)
  object space 204288K, 33% used [0x0000000080000000,0x00000000841e8710,0x000000008c780000)
 Metaspace       used 77652K, committed 79360K, reserved 1179648K
  class space    used 7965K, committed 8704K, reserved 1048576K
}
Event: 24.836 GC heap after
{Heap after GC invocations=260 (full 4):
 PSYoungGen      total 4608K, used 502K [0x00000000d5580000, 0x00000000d5b80000, 0x0000000100000000)
  eden space 4096K, 0% used [0x00000000d5580000,0x00000000d5580000,0x00000000d5980000)
  from space 512K, 98% used [0x00000000d5a80000,0x00000000d5afdb90,0x00000000d5b00000)
  to   space 1024K, 0% used [0x00000000d5980000,0x00000000d5980000,0x00000000d5a80000)
 ParOldGen       total 204288K, used 67622K [0x0000000080000000, 0x000000008c780000, 0x00000000d5580000)
  object space 204288K, 33% used [0x0000000080000000,0x00000000842099a0,0x000000008c780000)
 Metaspace       used 77652K, committed 79360K, reserved 1179648K
  class space    used 7965K, committed 8704K, reserved 1048576K
}
Event: 24.851 GC heap before
{Heap before GC invocations=261 (full 4):
 PSYoungGen      total 4608K, used 4598K [0x00000000d5580000, 0x00000000d5b80000, 0x0000000100000000)
  eden space 4096K, 100% used [0x00000000d5580000,0x00000000d5980000,0x00000000d5980000)
  from space 512K, 98% used [0x00000000d5a80000,0x00000000d5afdb90,0x00000000d5b00000)
  to   space 1024K, 0% used [0x00000000d5980000,0x00000000d5980000,0x00000000d5a80000)
 ParOldGen       total 204288K, used 67622K [0x0000000080000000, 0x000000008c780000, 0x00000000d5580000)
  object space 204288K, 33% used [0x0000000080000000,0x00000000842099a0,0x000000008c780000)
 Metaspace       used 77661K, committed 79360K, reserved 1179648K
  class space    used 7965K, committed 8704K, reserved 1048576K
}
Event: 24.852 GC heap after
{Heap after GC invocations=261 (full 4):
 PSYoungGen      total 5120K, used 218K [0x00000000d5580000, 0x00000000d5b00000, 0x0000000100000000)
  eden space 4096K, 0% used [0x00000000d5580000,0x00000000d5580000,0x00000000d5980000)
  from space 1024K, 21% used [0x00000000d5980000,0x00000000d59b6900,0x00000000d5a80000)
  to   space 512K, 0% used [0x00000000d5a80000,0x00000000d5a80000,0x00000000d5b00000)
 ParOldGen       total 204288K, used 68040K [0x0000000080000000, 0x000000008c780000, 0x00000000d5580000)
  object space 204288K, 33% used [0x0000000080000000,0x00000000842723e8,0x000000008c780000)
 Metaspace       used 77661K, committed 79360K, reserved 1179648K
  class space    used 7965K, committed 8704K, reserved 1048576K
}
Event: 24.865 GC heap before
{Heap before GC invocations=262 (full 4):
 PSYoungGen      total 5120K, used 4314K [0x00000000d5580000, 0x00000000d5b00000, 0x0000000100000000)
  eden space 4096K, 100% used [0x00000000d5580000,0x00000000d5980000,0x00000000d5980000)
  from space 1024K, 21% used [0x00000000d5980000,0x00000000d59b6900,0x00000000d5a80000)
  to   space 512K, 0% used [0x00000000d5a80000,0x00000000d5a80000,0x00000000d5b00000)
 ParOldGen       total 204288K, used 68040K [0x0000000080000000, 0x000000008c780000, 0x00000000d5580000)
  object space 204288K, 33% used [0x0000000080000000,0x00000000842723e8,0x000000008c780000)
 Metaspace       used 77662K, committed 79360K, reserved 1179648K
  class space    used 7965K, committed 8704K, reserved 1048576K
}
Event: 24.867 GC heap after
{Heap after GC invocations=262 (full 4):
 PSYoungGen      total 4608K, used 442K [0x00000000d5580000, 0x00000000d5b00000, 0x0000000100000000)
  eden space 4096K, 0% used [0x00000000d5580000,0x00000000d5580000,0x00000000d5980000)
  from space 512K, 86% used [0x00000000d5a80000,0x00000000d5aee900,0x00000000d5b00000)
  to   space 512K, 0% used [0x00000000d5a00000,0x00000000d5a00000,0x00000000d5a80000)
 ParOldGen       total 204288K, used 68056K [0x0000000080000000, 0x000000008c780000, 0x00000000d5580000)
  object space 204288K, 33% used [0x0000000080000000,0x00000000842763e8,0x000000008c780000)
 Metaspace       used 77662K, committed 79360K, reserved 1179648K
  class space    used 7965K, committed 8704K, reserved 1048576K
}
Event: 24.877 GC heap before
{Heap before GC invocations=263 (full 4):
 PSYoungGen      total 4608K, used 4538K [0x00000000d5580000, 0x00000000d5b00000, 0x0000000100000000)
  eden space 4096K, 100% used [0x00000000d5580000,0x00000000d5980000,0x00000000d5980000)
  from space 512K, 86% used [0x00000000d5a80000,0x00000000d5aee900,0x00000000d5b00000)
  to   space 512K, 0% used [0x00000000d5a00000,0x00000000d5a00000,0x00000000d5a80000)
 ParOldGen       total 204288K, used 68056K [0x0000000080000000, 0x000000008c780000, 0x00000000d5580000)
  object space 204288K, 33% used [0x0000000080000000,0x00000000842763e8,0x000000008c780000)
 Metaspace       used 77662K, committed 79360K, reserved 1179648K
  class space    used 7965K, committed 8704K, reserved 1048576K
}
Event: 24.878 GC heap after
{Heap after GC invocations=263 (full 4):
 PSYoungGen      total 4608K, used 330K [0x00000000d5580000, 0x00000000d5b00000, 0x0000000100000000)
  eden space 4096K, 0% used [0x00000000d5580000,0x00000000d5580000,0x00000000d5980000)
  from space 512K, 64% used [0x00000000d5a00000,0x00000000d5a52910,0x00000000d5a80000)
  to   space 512K, 0% used [0x00000000d5a80000,0x00000000d5a80000,0x00000000d5b00000)
 ParOldGen       total 204288K, used 68096K [0x0000000080000000, 0x000000008c780000, 0x00000000d5580000)
  object space 204288K, 33% used [0x0000000080000000,0x00000000842803e8,0x000000008c780000)
 Metaspace       used 77662K, committed 79360K, reserved 1179648K
  class space    used 7965K, committed 8704K, reserved 1048576K
}
Event: 31.142 GC heap before
{Heap before GC invocations=264 (full 4):
 PSYoungGen      total 4608K, used 4426K [0x00000000d5580000, 0x00000000d5b00000, 0x0000000100000000)
  eden space 4096K, 100% used [0x00000000d5580000,0x00000000d5980000,0x00000000d5980000)
  from space 512K, 64% used [0x00000000d5a00000,0x00000000d5a52910,0x00000000d5a80000)
  to   space 512K, 0% used [0x00000000d5a80000,0x00000000d5a80000,0x00000000d5b00000)
 ParOldGen       total 204288K, used 68096K [0x0000000080000000, 0x000000008c780000, 0x00000000d5580000)
  object space 204288K, 33% used [0x0000000080000000,0x00000000842803e8,0x000000008c780000)
 Metaspace       used 77679K, committed 79360K, reserved 1179648K
  class space    used 7965K, committed 8704K, reserved 1048576K
}
Event: 31.144 GC heap after
{Heap after GC invocations=264 (full 4):
 PSYoungGen      total 4608K, used 256K [0x00000000d5580000, 0x00000000d5b00000, 0x0000000100000000)
  eden space 4096K, 0% used [0x00000000d5580000,0x00000000d5580000,0x00000000d5980000)
  from space 512K, 50% used [0x00000000d5a80000,0x00000000d5ac0000,0x00000000d5b00000)
  to   space 512K, 0% used [0x00000000d5a00000,0x00000000d5a00000,0x00000000d5a80000)
 ParOldGen       total 204288K, used 68104K [0x0000000080000000, 0x000000008c780000, 0x00000000d5580000)
  object space 204288K, 33% used [0x0000000080000000,0x00000000842823e8,0x000000008c780000)
 Metaspace       used 77679K, committed 79360K, reserved 1179648K
  class space    used 7965K, committed 8704K, reserved 1048576K
}
Event: 304.020 GC heap before
{Heap before GC invocations=265 (full 4):
 PSYoungGen      total 4608K, used 4351K [0x00000000d5580000, 0x00000000d5b00000, 0x0000000100000000)
  eden space 4096K, 99% used [0x00000000d5580000,0x00000000d597fd30,0x00000000d5980000)
  from space 512K, 50% used [0x00000000d5a80000,0x00000000d5ac0000,0x00000000d5b00000)
  to   space 512K, 0% used [0x00000000d5a00000,0x00000000d5a00000,0x00000000d5a80000)
 ParOldGen       total 204288K, used 68104K [0x0000000080000000, 0x000000008c780000, 0x00000000d5580000)
  object space 204288K, 33% used [0x0000000080000000,0x00000000842823e8,0x000000008c780000)
 Metaspace       used 77853K, committed 79488K, reserved 1179648K
  class space    used 7983K, committed 8704K, reserved 1048576K
}
Event: 304.021 GC heap after
{Heap after GC invocations=265 (full 4):
 PSYoungGen      total 4608K, used 384K [0x00000000d5580000, 0x00000000d5b00000, 0x0000000100000000)
  eden space 4096K, 0% used [0x00000000d5580000,0x00000000d5580000,0x00000000d5980000)
  from space 512K, 75% used [0x00000000d5a00000,0x00000000d5a60000,0x00000000d5a80000)
  to   space 512K, 0% used [0x00000000d5a80000,0x00000000d5a80000,0x00000000d5b00000)
 ParOldGen       total 204288K, used 68176K [0x0000000080000000, 0x000000008c780000, 0x00000000d5580000)
  object space 204288K, 33% used [0x0000000080000000,0x00000000842943e8,0x000000008c780000)
 Metaspace       used 77853K, committed 79488K, reserved 1179648K
  class space    used 7983K, committed 8704K, reserved 1048576K
}

