# JRE version: OpenJDK Runtime Environment Temurin-17.0.17+10 (17.0.17+10) (build 17.0.17+10)
# Java VM: OpenJDK 64-Bit Server VM Temurin-17.0.17+10 (17.0.17+10, mixed mode, emulated-client, sharing, tiered, compressed oops, compressed class ptrs, g1 gc, windows-amd64)
GC Precious Log:
 CPUs: 8 total, 8 available
 Memory: 7901M
 Large Page Support: Disabled
 NUMA Support: Disabled
 Compressed Oops: Enabled (32-bit)
 Heap Region Size: 1M
 Heap Min Capacity: 8M
 Heap Initial Capacity: 124M
 Heap Max Capacity: 1976M
 Pre-touch: Disabled
 Parallel Workers: 8
 Concurrent Workers: 2
 Concurrent Refinement Workers: 8
 Periodic GC: Disabled
Heap:
 garbage-first heap   total 126976K, used 77847K [0x0000000084800000, 0x0000000100000000)
  region size 1024K, 3 young (3072K), 3 survivors (3072K)
 Metaspace       used 60194K, committed 60800K, reserved 1114112K
  class space    used 8879K, committed 9152K, reserved 1048576K
GC Heap History (20 events):
Event: 9.329 GC heap after
{Heap after GC invocations=22 (full 0):
 garbage-first heap   total 86016K, used 51518K [0x0000000084800000, 0x0000000100000000)
  region size 1024K, 2 young (2048K), 2 survivors (2048K)
 Metaspace       used 60186K, committed 60800K, reserved 1114112K
  class space    used 8878K, committed 9152K, reserved 1048576K
}
Event: 9.701 GC heap before
{Heap before GC invocations=22 (full 0):
 garbage-first heap   total 86016K, used 65854K [0x0000000084800000, 0x0000000100000000)
  region size 1024K, 16 young (16384K), 2 survivors (2048K)
 Metaspace       used 60187K, committed 60800K, reserved 1114112K
  class space    used 8878K, committed 9152K, reserved 1048576K
}
Event: 9.705 GC heap after
{Heap after GC invocations=23 (full 0):
 garbage-first heap   total 103424K, used 54875K [0x0000000084800000, 0x0000000100000000)
  region size 1024K, 2 young (2048K), 2 survivors (2048K)
 Metaspace       used 60187K, committed 60800K, reserved 1114112K
  class space    used 8878K, committed 9152K, reserved 1048576K
}
Event: 10.404 GC heap before
{Heap before GC invocations=24 (full 0):
 garbage-first heap   total 103424K, used 70235K [0x0000000084800000, 0x0000000100000000)
  region size 1024K, 22 young (22528K), 2 survivors (2048K)
 Metaspace       used 60187K, committed 60800K, reserved 1114112K
  class space    used 8878K, committed 9152K, reserved 1048576K
}
Event: 10.410 GC heap after
{Heap after GC invocations=25 (full 0):
 garbage-first heap   total 103424K, used 55341K [0x0000000084800000, 0x0000000100000000)
  region size 1024K, 3 young (3072K), 3 survivors (3072K)
 Metaspace       used 60187K, committed 60800K, reserved 1114112K
  class space    used 8878K, committed 9152K, reserved 1048576K
}
Event: 10.495 GC heap before
{Heap before GC invocations=25 (full 0):
 garbage-first heap   total 103424K, used 57389K [0x0000000084800000, 0x0000000100000000)
  region size 1024K, 5 young (5120K), 3 survivors (3072K)
 Metaspace       used 60188K, committed 60800K, reserved 1114112K
  class space    used 8878K, committed 9152K, reserved 1048576K
}
Event: 10.499 GC heap after
{Heap after GC invocations=26 (full 0):
 garbage-first heap   total 103424K, used 49417K [0x0000000084800000, 0x0000000100000000)
  region size 1024K, 1 young (1024K), 1 survivors (1024K)
 Metaspace       used 60188K, committed 60800K, reserved 1114112K
  class space    used 8878K, committed 9152K, reserved 1048576K
}
Event: 11.205 GC heap before
{Heap before GC invocations=26 (full 0):
 garbage-first heap   total 103424K, used 72969K [0x0000000084800000, 0x0000000100000000)
  region size 1024K, 24 young (24576K), 1 survivors (1024K)
 Metaspace       used 60188K, committed 60800K, reserved 1114112K
  class space    used 8878K, committed 9152K, reserved 1048576K
}
Event: 11.207 GC heap after
{Heap after GC invocations=27 (full 0):
 garbage-first heap   total 103424K, used 49203K [0x0000000084800000, 0x0000000100000000)
  region size 1024K, 1 young (1024K), 1 survivors (1024K)
 Metaspace       used 60188K, committed 60800K, reserved 1114112K
  class space    used 8878K, committed 9152K, reserved 1048576K
}
Event: 11.810 GC heap before
{Heap before GC invocations=28 (full 0):
 garbage-first heap   total 103424K, used 72755K [0x0000000084800000, 0x0000000100000000)
  region size 1024K, 26 young (26624K), 1 survivors (1024K)
 Metaspace       used 60190K, committed 60800K, reserved 1114112K
  class space    used 8878K, committed 9152K, reserved 1048576K
}
Event: 11.816 GC heap after
{Heap after GC invocations=29 (full 0):
 garbage-first heap   total 103424K, used 55588K [0x0000000084800000, 0x0000000100000000)
  region size 1024K, 4 young (4096K), 4 survivors (4096K)
 Metaspace       used 60190K, committed 60800K, reserved 1114112K
  class space    used 8878K, committed 9152K, reserved 1048576K
}
Event: 11.831 GC heap before
{Heap before GC invocations=29 (full 0):
 garbage-first heap   total 103424K, used 55588K [0x0000000084800000, 0x0000000100000000)
  region size 1024K, 5 young (5120K), 4 survivors (4096K)
 Metaspace       used 60190K, committed 60800K, reserved 1114112K
  class space    used 8878K, committed 9152K, reserved 1048576K
}
Event: 11.835 GC heap after
{Heap after GC invocations=30 (full 0):
 garbage-first heap   total 124928K, used 45431K [0x0000000084800000, 0x0000000100000000)
  region size 1024K, 1 young (1024K), 1 survivors (1024K)
 Metaspace       used 60190K, committed 60800K, reserved 1114112K
  class space    used 8878K, committed 9152K, reserved 1048576K
}
Event: 11.984 GC heap before
{Heap before GC invocations=30 (full 0):
 garbage-first heap   total 124928K, used 50551K [0x0000000084800000, 0x0000000100000000)
  region size 1024K, 6 young (6144K), 1 survivors (1024K)
 Metaspace       used 60190K, committed 60800K, reserved 1114112K
  class space    used 8878K, committed 9152K, reserved 1048576K
}
Event: 11.987 GC heap after
{Heap after GC invocations=31 (full 0):
 garbage-first heap   total 124928K, used 45322K [0x0000000084800000, 0x0000000100000000)
  region size 1024K, 1 young (1024K), 1 survivors (1024K)
 Metaspace       used 60190K, committed 60800K, reserved 1114112K
  class space    used 8878K, committed 9152K, reserved 1048576K
}
Event: 12.937 GC heap before
{Heap before GC invocations=31 (full 0):
 garbage-first heap   total 124928K, used 85258K [0x0000000084800000, 0x0000000100000000)
  region size 1024K, 40 young (40960K), 1 survivors (1024K)
 Metaspace       used 60194K, committed 60800K, reserved 1114112K
  class space    used 8879K, committed 9152K, reserved 1048576K
}
Event: 12.947 GC heap after
{Heap after GC invocations=32 (full 0):
 garbage-first heap   total 124928K, used 59710K [0x0000000084800000, 0x0000000100000000)
  region size 1024K, 5 young (5120K), 5 survivors (5120K)
 Metaspace       used 60194K, committed 60800K, reserved 1114112K
  class space    used 8879K, committed 9152K, reserved 1048576K
}
Event: 13.615 GC heap before
{Heap before GC invocations=32 (full 0):
 garbage-first heap   total 124928K, used 88382K [0x0000000084800000, 0x0000000100000000)
  region size 1024K, 32 young (32768K), 5 survivors (5120K)
 Metaspace       used 60194K, committed 60800K, reserved 1114112K
  class space    used 8879K, committed 9152K, reserved 1048576K
}
Event: 13.626 GC heap after
{Heap after GC invocations=33 (full 0):
 garbage-first heap   total 124928K, used 72192K [0x0000000084800000, 0x0000000100000000)
  region size 1024K, 4 young (4096K), 4 survivors (4096K)
 Metaspace       used 60194K, committed 60800K, reserved 1114112K
  class space    used 8879K, committed 9152K, reserved 1048576K
}
Event: 14.218 GC heap before
{Heap before GC invocations=33 (full 0):
 garbage-first heap   total 124928K, used 92672K [0x0000000084800000, 0x0000000100000000)
  region size 1024K, 24 young (24576K), 4 survivors (4096K)
 Metaspace       used 60194K, committed 60800K, reserved 1114112K
  class space    used 8879K, committed 9152K, reserved 1048576K
}

