# JRE version: OpenJDK Runtime Environment Temurin-21.0.9+10 (21.0.9+10) (build 21.0.9+10-LTS)
# Java VM: OpenJDK 64-Bit Server VM Temurin-21.0.9+10 (21.0.9+10-LTS, mixed mode, sharing, tiered, compressed oops, compressed class ptrs, parallel gc, windows-amd64)
GC Precious Log:
 CardTable entry size: 512
 CPUs: 8 total, 8 available
 Memory: 7901M
 Large Page Support: Disabled
 NUMA Support: Disabled
 Compressed Oops: Enabled (32-bit)
 Alignments: Space 512K, Generation 512K, Heap 2M
 Heap Min Capacity: 100M
 Heap Initial Capacity: 100M
 Heap Max Capacity: 2G
 Pre-touch: Disabled
 Parallel Workers: 8
Heap:
 PSYoungGen      total 20480K, used 332K [0x00000000d5580000, 0x00000000d6d00000, 0x0000000100000000)
  eden space 16896K, 1% used [0x00000000d5580000,0x00000000d55d3150,0x00000000d6600000)
  from space 3584K, 0% used [0x00000000d6600000,0x00000000d6600000,0x00000000d6980000)
  to   space 3584K, 0% used [0x00000000d6980000,0x00000000d6980000,0x00000000d6d00000)
 ParOldGen       total 93184K, used 65787K [0x0000000080000000, 0x0000000085b00000, 0x00000000d5580000)
  object space 93184K, 70% used [0x0000000080000000,0x000000008403ee28,0x0000000085b00000)
 Metaspace       used 71342K, committed 72896K, reserved 1179648K
  class space    used 7284K, committed 7936K, reserved 1048576K
GC Heap History (20 events):
Event: 15.599 GC heap after
{Heap after GC invocations=75 (full 3):
 PSYoungGen      total 22016K, used 2217K [0x00000000d5580000, 0x00000000d6d80000, 0x0000000100000000)
  eden space 19456K, 0% used [0x00000000d5580000,0x00000000d5580000,0x00000000d6880000)
  from space 2560K, 86% used [0x00000000d6b00000,0x00000000d6d2a420,0x00000000d6d80000)
  to   space 2560K, 0% used [0x00000000d6880000,0x00000000d6880000,0x00000000d6b00000)
 ParOldGen       total 95744K, used 95620K [0x0000000080000000, 0x0000000085d80000, 0x00000000d5580000)
  object space 95744K, 99% used [0x0000000080000000,0x0000000085d61318,0x0000000085d80000)
 Metaspace       used 70501K, committed 72064K, reserved 1114112K
  class space    used 7222K, committed 7872K, reserved 1048576K
}
Event: 15.742 GC heap before
{Heap before GC invocations=76 (full 3):
 PSYoungGen      total 22016K, used 21673K [0x00000000d5580000, 0x00000000d6d80000, 0x0000000100000000)
  eden space 19456K, 100% used [0x00000000d5580000,0x00000000d6880000,0x00000000d6880000)
  from space 2560K, 86% used [0x00000000d6b00000,0x00000000d6d2a420,0x00000000d6d80000)
  to   space 2560K, 0% used [0x00000000d6880000,0x00000000d6880000,0x00000000d6b00000)
 ParOldGen       total 95744K, used 95620K [0x0000000080000000, 0x0000000085d80000, 0x00000000d5580000)
  object space 95744K, 99% used [0x0000000080000000,0x0000000085d61318,0x0000000085d80000)
 Metaspace       used 70979K, committed 72512K, reserved 1114112K
  class space    used 7281K, committed 7936K, reserved 1048576K
}
Event: 15.747 GC heap after
{Heap after GC invocations=76 (full 3):
 PSYoungGen      total 21504K, used 1589K [0x00000000d5580000, 0x00000000d6c80000, 0x0000000100000000)
  eden space 19456K, 0% used [0x00000000d5580000,0x00000000d5580000,0x00000000d6880000)
  from space 2048K, 77% used [0x00000000d6880000,0x00000000d6a0d4d0,0x00000000d6a80000)
  to   space 2048K, 0% used [0x00000000d6a80000,0x00000000d6a80000,0x00000000d6c80000)
 ParOldGen       total 97280K, used 96999K [0x0000000080000000, 0x0000000085f00000, 0x00000000d5580000)
  object space 97280K, 99% used [0x0000000080000000,0x0000000085eb9c88,0x0000000085f00000)
 Metaspace       used 70979K, committed 72512K, reserved 1114112K
  class space    used 7281K, committed 7936K, reserved 1048576K
}
Event: 15.928 GC heap before
{Heap before GC invocations=77 (full 3):
 PSYoungGen      total 21504K, used 21045K [0x00000000d5580000, 0x00000000d6c80000, 0x0000000100000000)
  eden space 19456K, 100% used [0x00000000d5580000,0x00000000d6880000,0x00000000d6880000)
  from space 2048K, 77% used [0x00000000d6880000,0x00000000d6a0d4d0,0x00000000d6a80000)
  to   space 2048K, 0% used [0x00000000d6a80000,0x00000000d6a80000,0x00000000d6c80000)
 ParOldGen       total 97280K, used 96999K [0x0000000080000000, 0x0000000085f00000, 0x00000000d5580000)
  object space 97280K, 99% used [0x0000000080000000,0x0000000085eb9c88,0x0000000085f00000)
 Metaspace       used 71055K, committed 72640K, reserved 1179648K
  class space    used 7282K, committed 7936K, reserved 1048576K
}
Event: 15.931 GC heap after
{Heap after GC invocations=77 (full 3):
 PSYoungGen      total 20480K, used 807K [0x00000000d5580000, 0x00000000d6b80000, 0x0000000100000000)
  eden space 19456K, 0% used [0x00000000d5580000,0x00000000d5580000,0x00000000d6880000)
  from space 1024K, 78% used [0x00000000d6a80000,0x00000000d6b49f60,0x00000000d6b80000)
  to   space 1536K, 0% used [0x00000000d6880000,0x00000000d6880000,0x00000000d6a00000)
 ParOldGen       total 98304K, used 98022K [0x0000000080000000, 0x0000000086000000, 0x00000000d5580000)
  object space 98304K, 99% used [0x0000000080000000,0x0000000085fb98a0,0x0000000086000000)
 Metaspace       used 71055K, committed 72640K, reserved 1179648K
  class space    used 7282K, committed 7936K, reserved 1048576K
}
Event: 16.023 GC heap before
{Heap before GC invocations=78 (full 3):
 PSYoungGen      total 20480K, used 20263K [0x00000000d5580000, 0x00000000d6b80000, 0x0000000100000000)
  eden space 19456K, 100% used [0x00000000d5580000,0x00000000d6880000,0x00000000d6880000)
  from space 1024K, 78% used [0x00000000d6a80000,0x00000000d6b49f60,0x00000000d6b80000)
  to   space 1536K, 0% used [0x00000000d6880000,0x00000000d6880000,0x00000000d6a00000)
 ParOldGen       total 98304K, used 98022K [0x0000000080000000, 0x0000000086000000, 0x00000000d5580000)
  object space 98304K, 99% used [0x0000000080000000,0x0000000085fb98a0,0x0000000086000000)
 Metaspace       used 71069K, committed 72640K, reserved 1179648K
  class space    used 7282K, committed 7936K, reserved 1048576K
}
Event: 16.025 GC heap after
{Heap after GC invocations=78 (full 3):
 PSYoungGen      total 20992K, used 404K [0x00000000d5580000, 0x00000000d6b00000, 0x0000000100000000)
  eden space 19456K, 0% used [0x00000000d5580000,0x00000000d5580000,0x00000000d6880000)
  from space 1536K, 26% used [0x00000000d6880000,0x00000000d68e5220,0x00000000d6a00000)
  to   space 1024K, 0% used [0x00000000d6a00000,0x00000000d6a00000,0x00000000d6b00000)
 ParOldGen       total 98816K, used 98521K [0x0000000080000000, 0x0000000086080000, 0x00000000d5580000)
  object space 98816K, 99% used [0x0000000080000000,0x00000000860367a0,0x0000000086080000)
 Metaspace       used 71069K, committed 72640K, reserved 1179648K
  class space    used 7282K, committed 7936K, reserved 1048576K
}
Event: 16.154 GC heap before
{Heap before GC invocations=79 (full 3):
 PSYoungGen      total 20992K, used 19860K [0x00000000d5580000, 0x00000000d6b00000, 0x0000000100000000)
  eden space 19456K, 100% used [0x00000000d5580000,0x00000000d6880000,0x00000000d6880000)
  from space 1536K, 26% used [0x00000000d6880000,0x00000000d68e5220,0x00000000d6a00000)
  to   space 1024K, 0% used [0x00000000d6a00000,0x00000000d6a00000,0x00000000d6b00000)
 ParOldGen       total 98816K, used 98521K [0x0000000080000000, 0x0000000086080000, 0x00000000d5580000)
  object space 98816K, 99% used [0x0000000080000000,0x00000000860367a0,0x0000000086080000)
 Metaspace       used 71135K, committed 72704K, reserved 1179648K
  class space    used 7282K, committed 7936K, reserved 1048576K
}
Event: 16.156 GC heap after
{Heap after GC invocations=79 (full 3):
 PSYoungGen      total 19968K, used 1012K [0x00000000d5580000, 0x00000000d6c80000, 0x0000000100000000)
  eden space 18944K, 0% used [0x00000000d5580000,0x00000000d5580000,0x00000000d6800000)
  from space 1024K, 98% used [0x00000000d6a00000,0x00000000d6afd200,0x00000000d6b00000)
  to   space 2048K, 0% used [0x00000000d6800000,0x00000000d6800000,0x00000000d6a00000)
 ParOldGen       total 99328K, used 99179K [0x0000000080000000, 0x0000000086100000, 0x00000000d5580000)
  object space 99328K, 99% used [0x0000000080000000,0x00000000860dad50,0x0000000086100000)
 Metaspace       used 71135K, committed 72704K, reserved 1179648K
  class space    used 7282K, committed 7936K, reserved 1048576K
}
Event: 16.288 GC heap before
{Heap before GC invocations=80 (full 3):
 PSYoungGen      total 19968K, used 19956K [0x00000000d5580000, 0x00000000d6c80000, 0x0000000100000000)
  eden space 18944K, 100% used [0x00000000d5580000,0x00000000d6800000,0x00000000d6800000)
  from space 1024K, 98% used [0x00000000d6a00000,0x00000000d6afd200,0x00000000d6b00000)
  to   space 2048K, 0% used [0x00000000d6800000,0x00000000d6800000,0x00000000d6a00000)
 ParOldGen       total 99328K, used 99179K [0x0000000080000000, 0x0000000086100000, 0x00000000d5580000)
  object space 99328K, 99% used [0x0000000080000000,0x00000000860dad50,0x0000000086100000)
 Metaspace       used 71215K, committed 72768K, reserved 1179648K
  class space    used 7282K, committed 7936K, reserved 1048576K
}
Event: 16.290 GC heap after
{Heap after GC invocations=80 (full 3):
 PSYoungGen      total 20992K, used 1924K [0x00000000d5580000, 0x00000000d6c00000, 0x0000000100000000)
  eden space 18944K, 0% used [0x00000000d5580000,0x00000000d5580000,0x00000000d6800000)
  from space 2048K, 93% used [0x00000000d6800000,0x00000000d69e1250,0x00000000d6a00000)
  to   space 2048K, 0% used [0x00000000d6a00000,0x00000000d6a00000,0x00000000d6c00000)
 ParOldGen       total 100352K, used 100150K [0x0000000080000000, 0x0000000086200000, 0x00000000d5580000)
  object space 100352K, 99% used [0x0000000080000000,0x00000000861cdb28,0x0000000086200000)
 Metaspace       used 71215K, committed 72768K, reserved 1179648K
  class space    used 7282K, committed 7936K, reserved 1048576K
}
Event: 16.409 GC heap before
{Heap before GC invocations=81 (full 3):
 PSYoungGen      total 20992K, used 20868K [0x00000000d5580000, 0x00000000d6c00000, 0x0000000100000000)
  eden space 18944K, 100% used [0x00000000d5580000,0x00000000d6800000,0x00000000d6800000)
  from space 2048K, 93% used [0x00000000d6800000,0x00000000d69e1250,0x00000000d6a00000)
  to   space 2048K, 0% used [0x00000000d6a00000,0x00000000d6a00000,0x00000000d6c00000)
 ParOldGen       total 100352K, used 100150K [0x0000000080000000, 0x0000000086200000, 0x00000000d5580000)
  object space 100352K, 99% used [0x0000000080000000,0x00000000861cdb28,0x0000000086200000)
 Metaspace       used 71267K, committed 72768K, reserved 1179648K
  class space    used 7283K, committed 7936K, reserved 1048576K
}
Event: 16.413 GC heap after
{Heap after GC invocations=81 (full 3):
 PSYoungGen      total 20992K, used 1716K [0x00000000d5580000, 0x00000000d6c00000, 0x0000000100000000)
  eden space 18944K, 0% used [0x00000000d5580000,0x00000000d5580000,0x00000000d6800000)
  from space 2048K, 83% used [0x00000000d6a00000,0x00000000d6bad240,0x00000000d6c00000)
  to   space 2048K, 0% used [0x00000000d6800000,0x00000000d6800000,0x00000000d6a00000)
 ParOldGen       total 102400K, used 101961K [0x0000000080000000, 0x0000000086400000, 0x00000000d5580000)
  object space 102400K, 99% used [0x0000000080000000,0x0000000086392728,0x0000000086400000)
 Metaspace       used 71267K, committed 72768K, reserved 1179648K
  class space    used 7283K, committed 7936K, reserved 1048576K
}
Event: 16.555 GC heap before
{Heap before GC invocations=82 (full 3):
 PSYoungGen      total 20992K, used 20660K [0x00000000d5580000, 0x00000000d6c00000, 0x0000000100000000)
  eden space 18944K, 100% used [0x00000000d5580000,0x00000000d6800000,0x00000000d6800000)
  from space 2048K, 83% used [0x00000000d6a00000,0x00000000d6bad240,0x00000000d6c00000)
  to   space 2048K, 0% used [0x00000000d6800000,0x00000000d6800000,0x00000000d6a00000)
 ParOldGen       total 102400K, used 101961K [0x0000000080000000, 0x0000000086400000, 0x00000000d5580000)
  object space 102400K, 99% used [0x0000000080000000,0x0000000086392728,0x0000000086400000)
 Metaspace       used 71301K, committed 72832K, reserved 1179648K
  class space    used 7283K, committed 7936K, reserved 1048576K
}
Event: 16.558 GC heap after
{Heap after GC invocations=82 (full 3):
 PSYoungGen      total 19456K, used 346K [0x00000000d5580000, 0x00000000d6a80000, 0x0000000100000000)
  eden space 18944K, 0% used [0x00000000d5580000,0x00000000d5580000,0x00000000d6800000)
  from space 512K, 67% used [0x00000000d6800000,0x00000000d6856900,0x00000000d6880000)
  to   space 1024K, 0% used [0x00000000d6980000,0x00000000d6980000,0x00000000d6a80000)
 ParOldGen       total 103936K, used 103535K [0x0000000080000000, 0x0000000086580000, 0x00000000d5580000)
  object space 103936K, 99% used [0x0000000080000000,0x000000008651bda8,0x0000000086580000)
 Metaspace       used 71301K, committed 72832K, reserved 1179648K
  class space    used 7283K, committed 7936K, reserved 1048576K
}
Event: 16.674 GC heap before
{Heap before GC invocations=83 (full 3):
 PSYoungGen      total 19456K, used 19290K [0x00000000d5580000, 0x00000000d6a80000, 0x0000000100000000)
  eden space 18944K, 100% used [0x00000000d5580000,0x00000000d6800000,0x00000000d6800000)
  from space 512K, 67% used [0x00000000d6800000,0x00000000d6856900,0x00000000d6880000)
  to   space 1024K, 0% used [0x00000000d6980000,0x00000000d6980000,0x00000000d6a80000)
 ParOldGen       total 103936K, used 103535K [0x0000000080000000, 0x0000000086580000, 0x00000000d5580000)
  object space 103936K, 99% used [0x0000000080000000,0x000000008651bda8,0x0000000086580000)
 Metaspace       used 71323K, committed 72832K, reserved 1179648K
  class space    used 7284K, committed 7936K, reserved 1048576K
}
Event: 16.677 GC heap after
{Heap after GC invocations=83 (full 3):
 PSYoungGen      total 17920K, used 1018K [0x00000000d5580000, 0x00000000d6f00000, 0x0000000100000000)
  eden space 16896K, 0% used [0x00000000d5580000,0x00000000d5580000,0x00000000d6600000)
  from space 1024K, 99% used [0x00000000d6980000,0x00000000d6a7e9e0,0x00000000d6a80000)
  to   space 3584K, 0% used [0x00000000d6600000,0x00000000d6600000,0x00000000d6980000)
 ParOldGen       total 105472K, used 105344K [0x0000000080000000, 0x0000000086700000, 0x00000000d5580000)
  object space 105472K, 99% used [0x0000000080000000,0x00000000866e0268,0x0000000086700000)
 Metaspace       used 71323K, committed 72832K, reserved 1179648K
  class space    used 7284K, committed 7936K, reserved 1048576K
}
Event: 16.733 GC heap before
{Heap before GC invocations=84 (full 3):
 PSYoungGen      total 17920K, used 17914K [0x00000000d5580000, 0x00000000d6f00000, 0x0000000100000000)
  eden space 16896K, 100% used [0x00000000d5580000,0x00000000d6600000,0x00000000d6600000)
  from space 1024K, 99% used [0x00000000d6980000,0x00000000d6a7e9e0,0x00000000d6a80000)
  to   space 3584K, 0% used [0x00000000d6600000,0x00000000d6600000,0x00000000d6980000)
 ParOldGen       total 105472K, used 105344K [0x0000000080000000, 0x0000000086700000, 0x00000000d5580000)
  object space 105472K, 99% used [0x0000000080000000,0x00000000866e0268,0x0000000086700000)
 Metaspace       used 71348K, committed 72896K, reserved 1179648K
  class space    used 7286K, committed 7936K, reserved 1048576K
}
Event: 16.735 GC heap after
{Heap after GC invocations=84 (full 3):
 PSYoungGen      total 17920K, used 17914K [0x00000000d5580000, 0x00000000d6f00000, 0x0000000100000000)
  eden space 16896K, 100% used [0x00000000d5580000,0x00000000d6600000,0x00000000d6600000)
  from space 1024K, 99% used [0x00000000d6980000,0x00000000d6a7e9e0,0x00000000d6a80000)
  to   space 3584K, 35% used [0x00000000d6600000,0x00000000d673e980,0x00000000d6980000)
 ParOldGen       total 106496K, used 105986K [0x0000000080000000, 0x0000000086800000, 0x00000000d5580000)
  object space 106496K, 99% used [0x0000000080000000,0x0000000086780a30,0x0000000086800000)
 Metaspace       used 71348K, committed 72896K, reserved 1179648K
  class space    used 7286K, committed 7936K, reserved 1048576K
}
Event: 16.735 GC heap before
{Heap before GC invocations=85 (full 4):
 PSYoungGen      total 17920K, used 17914K [0x00000000d5580000, 0x00000000d6f00000, 0x0000000100000000)
  eden space 16896K, 100% used [0x00000000d5580000,0x00000000d6600000,0x00000000d6600000)
  from space 1024K, 99% used [0x00000000d6980000,0x00000000d6a7e9e0,0x00000000d6a80000)
  to   space 3584K, 35% used [0x00000000d6600000,0x00000000d673e980,0x00000000d6980000)
 ParOldGen       total 106496K, used 105986K [0x0000000080000000, 0x0000000086800000, 0x00000000d5580000)
  object space 106496K, 99% used [0x0000000080000000,0x0000000086780a30,0x0000000086800000)
 Metaspace       used 71348K, committed 72896K, reserved 1179648K
  class space    used 7286K, committed 7936K, reserved 1048576K
}

